
ROM used:   48/7936 (1%)
            48/7936 (1%) including unused fragments

            0.1 Average locations per line
            6.9 Average locations per statement

RAM used:   5/357 (1%) at main() level
            6/357 (2%) worst case

Stack used: 1 worst case (1 in main + 0 for interrupts)
Stack size: 7

Lines Stmts  %   Files
----- ----- ---  -----
   22     7 100  Pulso.c
  661     0   0  C:\Program Files (x86)\PICC\Devices\16f877a.h
----- -----
  683     7 Total

Page ROM  %  RAM   Vol Diff  Functions:
---- --- --- ---   --- ----  ----------
0     20  42    1             @delay_ms1
0     24  50    0   106  1.7  main
 Inline         0             @cinit1

Program metrics:
    Functions               1
    Statements              7
    Comments                110
    Volume (V)              110
    Difficulty (D)          1.5
    Effort to implement (E) 162
    Time to implement (T)   0 minutes
    Est Delivered Bugs (B)  0
    Cyclomatic Complexity   1
    Maintainability (MI)    89

 Segment     Used  Free
-----------  ----  ----
00000-00003     4  0  
00004-007FF    44  2000  
00800-00FFF     0  2048  
01000-017FF     0  2048  
01800-01EFF     0  1792  



