
ROM used:   234/2048 (11%)
            234/2048 (11%) including unused fragments

            0.4 Average locations per line
            4.3 Average locations per statement

RAM used:   16/224 (7%) at main() level
            21/224 (9%) worst case

Stack used: 4 worst case (1 in main + 3 for interrupts)
Stack size: 8

Lines Stmts  %   Files
----- ----- ---  -----
  108    54 100  Dimmer_1main.c
  508     0   0  C:\Program Files (x86)\PICC\Devices\16F628A.h
----- -----
  616    54 Total

Page ROM  %  RAM   Vol Diff  Functions:
---- --- --- ---   --- ----  ----------
0     21   9    1             @delay_ms1
0      6   3    0    16  1.0  ext_isr
0     19   8    0    55  1.4  MAIN
0     24  10    2   300  4.6  VariacionAnguloAplauso
0     10   4    0    69  1.6  Cargar_configuracion
0      8   3    0    67  1.2  Configurar_interrupciones
0     87  37    2   668  3.4  Disparar
0     12   5    0             @goto10537
 Inline         0             @cinit1

Program metrics:
    Functions               6
    Statements              54
    Comments                112
    Volume (V)              1647
    Difficulty (D)          13.5
    Effort to implement (E) 22153
    Time to implement (T)   21 minutes
    Est Delivered Bugs (B)  0
    Cyclomatic Complexity   11
    Maintainability (MI)    126

 Segment     Used  Free
-----------  ----  ----
00000-00003     4  0  
00004-0002E    43  0  
0002F-007FF   187  1814  



