
ROM used:   85/2048 (4%)
            85/2048 (4%) including unused fragments

            0.1 Average locations per line
            5.0 Average locations per statement

RAM used:   13/224 (6%) at main() level
            14/224 (6%) worst case

Stack used: 2 worst case (1 in main + 1 for interrupts)
Stack size: 8

Lines Stmts  %   Files
----- ----- ---  -----
   69    17 100  Enclavamiento.c
  508     0   0  C:\Program Files (x86)\PICC\Devices\16F628A.h
----- -----
  577    17 Total

Page ROM  %  RAM   Vol Diff  Functions:
---- --- --- ---   --- ----  ----------
0      8   9    0    12  0.8  ext_isr
0     13  15    0    38  1.2  MAIN
0     10  12    0    69  1.6  Configuracion
0      7   8    0    48  1.1  Configurar_interrupciones
 Inline         1    78  2.3  Variar_led
 Inline         0             @cinit1

Program metrics:
    Functions               5
    Statements              17
    Comments                111
    Volume (V)              399
    Difficulty (D)          7.1
    Effort to implement (E) 2849
    Time to implement (T)   3 minutes
    Est Delivered Bugs (B)  0
    Cyclomatic Complexity   1
    Maintainability (MI)    171

 Segment     Used  Free
-----------  ----  ----
00000-00003     4  0  
00004-0002E    43  0  
0002F-007FF    38  1963  



