
ROM used:   552/8192 (7%)
            552/8192 (7%) including unused fragments

            0.5 Average locations per line
            3.0 Average locations per statement

RAM used:   18/368 (5%) at main() level
            30/368 (8%) worst case

Stack used: 5 worst case (3 in main + 2 for interrupts)
Stack size: 8

Lines Stmts  %   Files
----- ----- ---  -----
  184   109  59  Teclado_ADC2.c
  661     0   0  C:\Program Files (x86)\PICC\Devices\16f877a.h
   19    12   7  Bits.C
  180    63  34  LCD.C
----- -----
 1044   184 Total

Page ROM  %  RAM   Vol Diff  Functions:
---- --- --- ---   --- ----  ----------
0     21   4    1             @delay_ms1
0     21   4    2   180  4.5  bit_var
0      8   1    0             @const638
 Inline         3   463  4.3  lcd_read_byte
0     14   3    1   134  2.2  lcd_send_nibble
0     58  11    3   317  4.3  lcd_send_byte
 Inline         2   422  4.7  lcd_init
 Inline         4   186  5.5  lcd_gotoxy
 Inline         1   272  4.1  lcd_putc
0     78  14    1   743  4.3  RB_isr
0     33   6    1   313  2.8  TIMER0_isr
0     27   5    0    68  1.5  MAIN
0     60  11    0    43  1.1  Cargar_configuracion
0     17   3    0   121  2.2  Configurar_interrupciones
0    161  29    0    74  2.3  Escribir_KEY
 Inline         4  1003  2.9  ConvTecla
 Inline         0             @cinit1

Program metrics:
    Functions               14
    Statements              184
    Comments                197
    Volume (V)              7157
    Difficulty (D)          47.1
    Effort to implement (E) 337154
    Time to implement (T)   5 hours, 12 minutes
    Est Delivered Bugs (B)  2
    Cyclomatic Complexity   33
    Maintainability (MI)    74

 Segment     Used  Free
-----------  ----  ----
00000-00003     4  0  
00004-00035    50  0  
00036-007FF   498  1496  
00800-00FFF     0  2048  
01000-017FF     0  2048  
01800-01FFF     0  2048  



