
ROM used:   225/8192 (3%)
            225/8192 (3%) including unused fragments

            0.3 Average locations per line
            4.2 Average locations per statement

RAM used:   19/368 (5%) at main() level
            23/368 (6%) worst case

Stack used: 4 worst case (1 in main + 3 for interrupts)
Stack size: 8

Lines Stmts  %   Files
----- ----- ---  -----
  119    54 100  Dimmer_Prog1.c
  661     0   0  C:\Program Files (x86)\PICC\Devices\16f877a.h
----- -----
  780    54 Total

Page ROM  %  RAM   Vol Diff  Functions:
---- --- --- ---   --- ----  ----------
0     21   9    1             @delay_ms1
0      7   3    0    16  1.0  ext_isr
0      6   3    0    21  0.9  TIMER0_isr
0     29  13    0    55  1.4  MAIN
0     26  12    2   300  4.6  VariacionAnguloAplauso
0     12   5    0    69  1.6  Cargar_configuracion
0      9   4    0    48  1.1  Configurar_interrupciones
0     49  22    1   804  3.9  Disparar
0     12   5    0             @goto10628
 Inline         0             @cinit1

Program metrics:
    Functions               7
    Statements              54
    Comments                136
    Volume (V)              1836
    Difficulty (D)          15.1
    Effort to implement (E) 27775
    Time to implement (T)   26 minutes
    Est Delivered Bugs (B)  0
    Cyclomatic Complexity   11
    Maintainability (MI)    135

 Segment     Used  Free
-----------  ----  ----
00000-00003     4  0  
00004-00035    50  0  
00036-007FF   171  1823  
00800-00FFF     0  2048  
01000-017FF     0  2048  
01800-01FFF     0  2048  



