
ROM used:   17/8192 (0%)
            17/8192 (0%) including unused fragments

            0.0 Average locations per line
            0.2 Average locations per statement

RAM used:   6/368 (2%) at main() level
            6/368 (2%) worst case

Stack used: 0 worst case (0 in main + 0 for interrupts)
Stack size: 8

Lines Stmts  %   Files
----- ----- ---  -----
   41     2   2  Teclavo_Clave.c
  661     0   0  C:\Program Files (x86)\PICC\Devices\16f877a.h
  456    84  76  C:\Program Files (x86)\PICC\Drivers\LCD.c
  145    24  22  kbd2.c
----- -----
 1303   110 Total

Page ROM  %  RAM   Vol Diff  Functions:
---- --- --- ---   --- ----  ----------
0     13  76    0    14  0.8  MAIN
 Inline         0             @cinit1

Program metrics:
    Functions               1
    Statements              110
    Comments                264
    Volume (V)              16
    Difficulty (D)          0.5
    Effort to implement (E) 8
    Time to implement (T)   0 minutes
    Est Delivered Bugs (B)  0
    Cyclomatic Complexity   1
    Maintainability (MI)    82

 Segment     Used  Free
-----------  ----  ----
00000-00003     4  0  
00004-007FF    13  2031  
00800-00FFF     0  2048  
01000-017FF     0  2048  
01800-01FFF     0  2048  



