
ROM used:   553/7936 (7%)
            553/7936 (7%) including unused fragments

            0.8 Average locations per line
            42.5 Average locations per statement

RAM used:   15/357 (4%) at main() level
            29/357 (8%) worst case

Stack used: 1 worst case (1 in main + 0 for interrupts)
Stack size: 7

Lines Stmts  %   Files
----- ----- ---  -----
   33    13 100  SerialWrite.c
  661     0   0  C:\Program Files (x86)\PICC\Devices\16f877a.h
----- -----
  694    13 Total

Page ROM  %  RAM   Vol Diff  Functions:
---- --- --- ---   --- ----  ----------
0     23   4    1             @delay_ms1
0    139  25   10   358  3.7  main
0     31   6    2             @ITOF
0    119  22   13             @MULFF
0    204  37   14             @DIVFF
0     33   6    4             @SFTOI
 Inline         0             @cinit1

Program metrics:
    Functions               1
    Statements              13
    Comments                111
    Volume (V)              371
    Difficulty (D)          3.1
    Effort to implement (E) 1157
    Time to implement (T)   1 minutes
    Est Delivered Bugs (B)  0
    Cyclomatic Complexity   1
    Maintainability (MI)    70

 Segment     Used  Free
-----------  ----  ----
00000-00003     4  0  
00004-007FF   549  1495  
00800-00FFF     0  2048  
01000-017FF     0  2048  
01800-01EFF     0  1792  



