;  LST file generated by mikroListExporter - v.2.0 
; Date/Time: 26/06/2014 16:13:22
;----------------------------------------------

;Address Opcode 	ASM
0x0000	0x2B62      	GOTO       866
_RES032:
;__Lib_MathDouble.c,123 :: 		
;__Lib_MathDouble.c,128 :: 		
0x0003	0x01F2      	CLRF       R2
;__Lib_MathDouble.c,129 :: 		
0x0004	0x01F1      	CLRF       R1
;__Lib_MathDouble.c,130 :: 		
0x0005	0x01F0      	CLRF       R0
;__Lib_MathDouble.c,131 :: 		
0x0006	0x01F8      	CLRF       R8
;__Lib_MathDouble.c,132 :: 		
0x0007	0x01F3      	CLRF       R3
;__Lib_MathDouble.c,133 :: 		
0x0008	0x3000      	MOVLW      0
;__Lib_MathDouble.c,135 :: 		
0x0009	0x0008      	RETURN
; end of _RES032
_SETFUN32:
;__Lib_MathDouble.c,138 :: 		
;__Lib_MathDouble.c,145 :: 		
0x000A	0x157B      	BSF        R11, 2
;__Lib_MathDouble.c,146 :: 		
0x000B	0x1FFB      	BTFSS      R11, 7
;__Lib_MathDouble.c,147 :: 		
0x000C	0x2814      	GOTO       SETFUN32EEE
;__Lib_MathDouble.c,148 :: 		
0x000D	0x3001      	MOVLW      1
;__Lib_MathDouble.c,149 :: 		
0x000E	0x00F3      	MOVWF      R3
;__Lib_MathDouble.c,150 :: 		
0x000F	0x01F2      	CLRF       R2
;__Lib_MathDouble.c,151 :: 		
0x0010	0x01F1      	CLRF       R1
;__Lib_MathDouble.c,152 :: 		
0x0011	0x01F0      	CLRF       R0
;__Lib_MathDouble.c,153 :: 		
0x0012	0x0DFA      	RLF        R10, 1
;__Lib_MathDouble.c,154 :: 		
0x0013	0x0CF2      	RRF        R2, 1
;__Lib_MathDouble.c,155 :: 		
SETFUN32EEE:
;__Lib_MathDouble.c,156 :: 		
0x0014	0x30FF      	MOVLW      255
;__Lib_MathDouble.c,158 :: 		
0x0015	0x0008      	RETURN
; end of _SETFUN32
_FIXSIGN32:
;__Lib_MathDouble.c,112 :: 		
;__Lib_MathDouble.c,116 :: 		
0x0016	0x1FFA      	BTFSS      R10, 7
;__Lib_MathDouble.c,117 :: 		
0x0017	0x13F2      	BCF        R2, 7
;__Lib_MathDouble.c,118 :: 		
0x0018	0x3000      	MOVLW      0
;__Lib_MathDouble.c,120 :: 		
0x0019	0x0008      	RETURN
; end of _FIXSIGN32
_SETFOV32:
;__Lib_MathDouble.c,79 :: 		
;__Lib_MathDouble.c,86 :: 		
0x001A	0x14FB      	BSF        R11, 1
;__Lib_MathDouble.c,87 :: 		
0x001B	0x1FFB      	BTFSS      R11, 7
;__Lib_MathDouble.c,88 :: 		
0x001C	0x2824      	GOTO       SETFOV32EEE
;__Lib_MathDouble.c,89 :: 		
0x001D	0x30FF      	MOVLW      255
;__Lib_MathDouble.c,90 :: 		
0x001E	0x00F3      	MOVWF      R3
;__Lib_MathDouble.c,91 :: 		
0x001F	0x00F2      	MOVWF      R2
;__Lib_MathDouble.c,92 :: 		
0x0020	0x00F1      	MOVWF      R1
;__Lib_MathDouble.c,93 :: 		
0x0021	0x00F0      	MOVWF      R0
;__Lib_MathDouble.c,94 :: 		
0x0022	0x0DFA      	RLF        R10, 1
;__Lib_MathDouble.c,95 :: 		
0x0023	0x0CF2      	RRF        R2, 1
;__Lib_MathDouble.c,96 :: 		
SETFOV32EEE:
;__Lib_MathDouble.c,97 :: 		
0x0024	0x30FF      	MOVLW      255
;__Lib_MathDouble.c,99 :: 		
0x0025	0x0008      	RETURN
; end of _SETFOV32
_PWM2_Init:
;__Lib_PWM_c21.c,1 :: 		
;__Lib_PWM_c21.c,2 :: 		
;__Lib_PWM_c21.c,3 :: 		
0x0026	0x1283      	BCF        STATUS, 5
0x0027	0x1303      	BCF        STATUS, 6
0x0028	0x019B      	CLRF       CCPR2L
;__Lib_PWM_c21.c,4 :: 		
0x0029	0x121D      	BCF        CCP2CON, 4
;__Lib_PWM_c21.c,5 :: 		
0x002A	0x129D      	BCF        CCP2CON, 5
;__Lib_PWM_c21.c,6 :: 		
0x002B	0x0008      	RETURN
; end of _PWM2_Init
_SETIOV3224:
;__Lib_MathDouble.c,1000 :: 		
;__Lib_MathDouble.c,1006 :: 		
0x002C	0x147B      	BSF        R11, 0
;__Lib_MathDouble.c,1007 :: 		
0x002D	0x1FFB      	BTFSS      R11, 7
;__Lib_MathDouble.c,1008 :: 		
0x002E	0x2837      	GOTO       SETIOV3224EEE
;__Lib_MathDouble.c,1010 :: 		
0x002F	0x01F2      	CLRF       R2
;__Lib_MathDouble.c,1011 :: 		
0x0030	0x1FFA      	BTFSS      R10, 7
;__Lib_MathDouble.c,1012 :: 		
0x0031	0x30FF      	MOVLW      255
;__Lib_MathDouble.c,1013 :: 		
0x0032	0x00F2      	MOVWF      R2
;__Lib_MathDouble.c,1014 :: 		
0x0033	0x00F1      	MOVWF      R1
;__Lib_MathDouble.c,1015 :: 		
0x0034	0x00F0      	MOVWF      R0
;__Lib_MathDouble.c,1016 :: 		
0x0035	0x0DFA      	RLF        R10, 1
;__Lib_MathDouble.c,1017 :: 		
0x0036	0x0CF2      	RRF        R2, 1
;__Lib_MathDouble.c,1018 :: 		
SETIOV3224EEE:
;__Lib_MathDouble.c,1019 :: 		
0x0037	0x30FF      	MOVLW      255
;__Lib_MathDouble.c,1021 :: 		
0x0038	0x0008      	RETURN
; end of _SETIOV3224
_SETFDZ32:
;__Lib_MathDouble.c,102 :: 		
;__Lib_MathDouble.c,105 :: 		
0x0039	0x15FB      	BSF        R11, 3
;__Lib_MathDouble.c,106 :: 		
0x003A	0x30FF      	MOVLW      255
;__Lib_MathDouble.c,108 :: 		
0x003B	0x0008      	RETURN
; end of _SETFDZ32
_PWM1_Init:
;__Lib_PWM_c21.c,33 :: 		
;__Lib_PWM_c21.c,34 :: 		
;__Lib_PWM_c21.c,35 :: 		
0x003C	0x1283      	BCF        STATUS, 5
0x003D	0x1303      	BCF        STATUS, 6
0x003E	0x0195      	CLRF       CCPR1L
;__Lib_PWM_c21.c,36 :: 		
0x003F	0x1217      	BCF        CCP1CON, 4
;__Lib_PWM_c21.c,37 :: 		
0x0040	0x1297      	BCF        CCP1CON, 5
;__Lib_PWM_c21.c,38 :: 		
0x0041	0x0008      	RETURN
; end of _PWM1_Init
_____DoICP:
;__Lib_System.c,6 :: 		
;__Lib_System.c,9 :: 		
0x0042	0x1283      	BCF        STATUS, 5
0x0043	0x1303      	BCF        STATUS, 6
0x0044	0x0822      	MOVF       ___DoICPAddr+1, 0
0x0045	0x008A      	MOVWF      PCLATH
;__Lib_System.c,10 :: 		
0x0046	0x0821      	MOVF       ___DoICPAddr, 0
0x0047	0x0082      	MOVWF      PCL
;__Lib_System.c,12 :: 		
0x0048	0x0008      	RETURN
; end of _____DoICP
_NRM4032:
;__Lib_MathDouble.c,245 :: 		
;__Lib_MathDouble.c,252 :: 		
;__Lib_MathDouble.c,254 :: 		
0x0049	0x187C      	BTFSC      R12, 0
;__Lib_MathDouble.c,255 :: 		
0x004A	0x287F      	GOTO       NRMRND4032
;__Lib_MathDouble.c,256 :: 		
0x004B	0x18FC      	BTFSC      R12, 1
;__Lib_MathDouble.c,257 :: 		
0x004C	0x2850      	GOTO       NRM4032
;__Lib_MathDouble.c,258 :: 		
0x004D	0x197C      	BTFSC      R12, 2
;__Lib_MathDouble.c,259 :: 		
0x004E	0x289E      	GOTO       JMPSETFOV32
;__Lib_MathDouble.c,260 :: 		
0x004F	0x2849      	GOTO       $-6
;__Lib_MathDouble.c,261 :: 		
NRM4032:
;__Lib_MathDouble.c,262 :: 		
0x0050	0x01A0      	CLRF       __math_tempbD
;__Lib_MathDouble.c,263 :: 		
0x0051	0x0872      	MOVF       R2, 0
;__Lib_MathDouble.c,264 :: 		
0x0052	0x1D03      	BTFSS      STATUS, 2
;__Lib_MathDouble.c,265 :: 		
0x0053	0x2870      	GOTO       NORM4032
;__Lib_MathDouble.c,266 :: 		
0x0054	0x0871      	MOVF       R1, 0
;__Lib_MathDouble.c,267 :: 		
0x0055	0x00F2      	MOVWF      R2
;__Lib_MathDouble.c,268 :: 		
0x0056	0x0870      	MOVF       R0, 0
;__Lib_MathDouble.c,269 :: 		
0x0057	0x00F1      	MOVWF      R1
;__Lib_MathDouble.c,270 :: 		
0x0058	0x0878      	MOVF       R8, 0
;__Lib_MathDouble.c,271 :: 		
0x0059	0x00F0      	MOVWF      R0
;__Lib_MathDouble.c,272 :: 		
0x005A	0x01F8      	CLRF       R8
;__Lib_MathDouble.c,273 :: 		
0x005B	0x15A0      	BSF        __math_tempbD, 3
;__Lib_MathDouble.c,275 :: 		
0x005C	0x0872      	MOVF       R2, 0
;__Lib_MathDouble.c,276 :: 		
0x005D	0x1D03      	BTFSS      STATUS, 2
;__Lib_MathDouble.c,277 :: 		
0x005E	0x2870      	GOTO       NORM4032
;__Lib_MathDouble.c,278 :: 		
0x005F	0x0871      	MOVF       R1, 0
;__Lib_MathDouble.c,279 :: 		
0x0060	0x00F2      	MOVWF      R2
;__Lib_MathDouble.c,280 :: 		
0x0061	0x0870      	MOVF       R0, 0
;__Lib_MathDouble.c,281 :: 		
0x0062	0x00F1      	MOVWF      R1
;__Lib_MathDouble.c,282 :: 		
0x0063	0x01F0      	CLRF       R0
;__Lib_MathDouble.c,283 :: 		
0x0064	0x11A0      	BCF        __math_tempbD, 3
;__Lib_MathDouble.c,284 :: 		
0x0065	0x1620      	BSF        __math_tempbD, 4
;__Lib_MathDouble.c,286 :: 		
0x0066	0x0872      	MOVF       R2, 0
;__Lib_MathDouble.c,287 :: 		
0x0067	0x1D03      	BTFSS      STATUS, 2
;__Lib_MathDouble.c,288 :: 		
0x0068	0x2870      	GOTO       NORM4032
;__Lib_MathDouble.c,289 :: 		
0x0069	0x0871      	MOVF       R1, 0
;__Lib_MathDouble.c,290 :: 		
0x006A	0x00F2      	MOVWF      R2
;__Lib_MathDouble.c,291 :: 		
0x006B	0x01F1      	CLRF       R1
;__Lib_MathDouble.c,292 :: 		
0x006C	0x15A0      	BSF        __math_tempbD, 3
;__Lib_MathDouble.c,294 :: 		
0x006D	0x0872      	MOVF       R2, 0
;__Lib_MathDouble.c,295 :: 		
0x006E	0x1903      	BTFSC      STATUS, 2
;__Lib_MathDouble.c,296 :: 		
0x006F	0x2892      	GOTO       JMPRES032
;__Lib_MathDouble.c,297 :: 		
NORM4032:
;__Lib_MathDouble.c,298 :: 		
0x0070	0x0820      	MOVF       __math_tempbD, 0
;__Lib_MathDouble.c,299 :: 		
0x0071	0x02F3      	SUBWF      R3, 1
;__Lib_MathDouble.c,300 :: 		
0x0072	0x1D03      	BTFSS      STATUS, 2
;__Lib_MathDouble.c,301 :: 		
0x0073	0x1C03      	BTFSS      STATUS, 0
;__Lib_MathDouble.c,302 :: 		
0x0074	0x2896      	GOTO       JMPSETFUN32
;__Lib_MathDouble.c,303 :: 		
0x0075	0x1003      	BCF        STATUS, 0
;__Lib_MathDouble.c,304 :: 		
NORM4032A:
;__Lib_MathDouble.c,305 :: 		
0x0076	0x1BF2      	BTFSC      R2, 7
;__Lib_MathDouble.c,306 :: 		
0x0077	0x287F      	GOTO       NRMRND4032
;__Lib_MathDouble.c,307 :: 		
0x0078	0x0DF8      	RLF        R8, 1
;__Lib_MathDouble.c,308 :: 		
0x0079	0x0DF0      	RLF        R0, 1
;__Lib_MathDouble.c,309 :: 		
0x007A	0x0DF1      	RLF        R1, 1
;__Lib_MathDouble.c,310 :: 		
0x007B	0x0DF2      	RLF        R2, 1
;__Lib_MathDouble.c,311 :: 		
0x007C	0x0BF3      	DECFSZ     R3, 1
;__Lib_MathDouble.c,312 :: 		
0x007D	0x2876      	GOTO       NORM4032A
;__Lib_MathDouble.c,313 :: 		
0x007E	0x2896      	GOTO       JMPSETFUN32
;__Lib_MathDouble.c,314 :: 		
NRMRND4032:
;__Lib_MathDouble.c,315 :: 		
0x007F	0x1B7B      	BTFSC      R11, 6
;__Lib_MathDouble.c,316 :: 		
0x0080	0x1C70      	BTFSS      R0, 0
;__Lib_MathDouble.c,317 :: 		
0x0081	0x289A      	GOTO       JMPFIXSIGN32
;__Lib_MathDouble.c,318 :: 		
0x0082	0x1FF8      	BTFSS      R8, 7
;__Lib_MathDouble.c,319 :: 		
0x0083	0x289A      	GOTO       JMPFIXSIGN32
;__Lib_MathDouble.c,320 :: 		
0x0084	0x0AF0      	INCF       R0, 1
;__Lib_MathDouble.c,321 :: 		
0x0085	0x1903      	BTFSC      STATUS, 2
;__Lib_MathDouble.c,322 :: 		
0x0086	0x0AF1      	INCF       R1, 1
;__Lib_MathDouble.c,323 :: 		
0x0087	0x1903      	BTFSC      STATUS, 2
;__Lib_MathDouble.c,324 :: 		
0x0088	0x0AF2      	INCF       R2, 1
;__Lib_MathDouble.c,325 :: 		
0x0089	0x1D03      	BTFSS      STATUS, 2
;__Lib_MathDouble.c,326 :: 		
0x008A	0x289A      	GOTO       JMPFIXSIGN32
;__Lib_MathDouble.c,327 :: 		
0x008B	0x0CF2      	RRF        R2, 1
;__Lib_MathDouble.c,328 :: 		
0x008C	0x0CF1      	RRF        R1, 1
;__Lib_MathDouble.c,329 :: 		
0x008D	0x0CF0      	RRF        R0, 1
;__Lib_MathDouble.c,330 :: 		
0x008E	0x0AF3      	INCF       R3, 1
;__Lib_MathDouble.c,331 :: 		
0x008F	0x1903      	BTFSC      STATUS, 2
;__Lib_MathDouble.c,332 :: 		
0x0090	0x289E      	GOTO       JMPSETFOV32
;__Lib_MathDouble.c,333 :: 		
0x0091	0x289A      	GOTO       JMPFIXSIGN32
;__Lib_MathDouble.c,334 :: 		
JMPRES032:
;__Lib_MathDouble.c,335 :: 		
0x0092	0x3001      	MOVLW      1
;__Lib_MathDouble.c,336 :: 		
0x0093	0x00FC      	MOVWF      R12
;__Lib_MathDouble.c,338 :: 		
0x0094	0x2003      	CALL       _RES032
;__Lib_MathDouble.c,340 :: 		
0x0095	0x28A1      	GOTO       NRM4032EEE
;__Lib_MathDouble.c,341 :: 		
JMPSETFUN32:
;__Lib_MathDouble.c,342 :: 		
0x0096	0x3002      	MOVLW      2
;__Lib_MathDouble.c,343 :: 		
0x0097	0x00FC      	MOVWF      R12
;__Lib_MathDouble.c,345 :: 		
0x0098	0x200A      	CALL       _SETFUN32
;__Lib_MathDouble.c,347 :: 		
0x0099	0x28A1      	GOTO       NRM4032EEE
;__Lib_MathDouble.c,348 :: 		
JMPFIXSIGN32:
;__Lib_MathDouble.c,349 :: 		
0x009A	0x3004      	MOVLW      4
;__Lib_MathDouble.c,350 :: 		
0x009B	0x00FC      	MOVWF      R12
;__Lib_MathDouble.c,352 :: 		
0x009C	0x2016      	CALL       _FIXSIGN32
;__Lib_MathDouble.c,354 :: 		
0x009D	0x28A1      	GOTO       NRM4032EEE
;__Lib_MathDouble.c,355 :: 		
JMPSETFOV32:
;__Lib_MathDouble.c,356 :: 		
0x009E	0x3008      	MOVLW      8
;__Lib_MathDouble.c,357 :: 		
0x009F	0x00FC      	MOVWF      R12
;__Lib_MathDouble.c,359 :: 		
0x00A0	0x201A      	CALL       _SETFOV32
;__Lib_MathDouble.c,361 :: 		
NRM4032EEE:
;__Lib_MathDouble.c,362 :: 		
0x00A1	0x0000      	NOP
;__Lib_MathDouble.c,370 :: 		
0x00A2	0x0008      	RETURN
; end of _NRM4032
_Delay_22us:
;__Lib_Delays.c,15 :: 		void Delay_22us() {
;__Lib_Delays.c,16 :: 		Delay_us(22);
0x00A3	0x3024      	MOVLW      36
0x00A4	0x1283      	BCF        STATUS, 5
0x00A5	0x1303      	BCF        STATUS, 6
0x00A6	0x00FD      	MOVWF      R13
L_Delay_22us1:
0x00A7	0x0BFD      	DECFSZ     R13, 1
0x00A8	0x28A7      	GOTO       L_Delay_22us1
0x00A9	0x0000      	NOP
;__Lib_Delays.c,17 :: 		}
0x00AA	0x0008      	RETURN
; end of _Delay_22us
_Mul_16x16_U:
;__Lib_Math.c,136 :: 		
;__Lib_Math.c,143 :: 		
0x00AB	0x1283      	BCF        STATUS, 5
;__Lib_Math.c,144 :: 		
0x00AC	0x1303      	BCF        STATUS, 6
;__Lib_Math.c,145 :: 		
0x00AD	0x01FB      	CLRF       R11
;__Lib_Math.c,146 :: 		
0x00AE	0x01FA      	CLRF       R10
;__Lib_Math.c,147 :: 		
0x00AF	0x01F9      	CLRF       R9
;__Lib_Math.c,148 :: 		
0x00B0	0x3080      	MOVLW      128
;__Lib_Math.c,149 :: 		
0x00B1	0x00F8      	MOVWF      R8
;__Lib_Math.c,150 :: 		
0x00B2	0x0CF1      	RRF        R1, 1
;__Lib_Math.c,151 :: 		
0x00B3	0x0CF0      	RRF        R0, 1
;__Lib_Math.c,152 :: 		
0x00B4	0x1C03      	BTFSS      STATUS, 0
;__Lib_Math.c,153 :: 		
0x00B5	0x28BF      	GOTO       $+10
;__Lib_Math.c,154 :: 		
0x00B6	0x0874      	MOVF       R4, 0
;__Lib_Math.c,155 :: 		
0x00B7	0x07F9      	ADDWF      R9, 1
;__Lib_Math.c,156 :: 		
0x00B8	0x0875      	MOVF       R5, 0
;__Lib_Math.c,157 :: 		
0x00B9	0x1803      	BTFSC      STATUS, 0
;__Lib_Math.c,158 :: 		
0x00BA	0x0F75      	INCFSZ     R5, 0
;__Lib_Math.c,159 :: 		
0x00BB	0x07FA      	ADDWF      R10, 1
;__Lib_Math.c,160 :: 		
0x00BC	0x1803      	BTFSC      STATUS, 0
;__Lib_Math.c,161 :: 		
0x00BD	0x0AFB      	INCF       R11, 1
;__Lib_Math.c,162 :: 		
0x00BE	0x1003      	BCF        STATUS, 0
;__Lib_Math.c,163 :: 		
0x00BF	0x1FF0      	BTFSS      R0, 7
;__Lib_Math.c,164 :: 		
0x00C0	0x28C7      	GOTO       $+7
;__Lib_Math.c,165 :: 		
0x00C1	0x0874      	MOVF       R4, 0
;__Lib_Math.c,166 :: 		
0x00C2	0x07FA      	ADDWF      R10, 1
;__Lib_Math.c,167 :: 		
0x00C3	0x0875      	MOVF       R5, 0
;__Lib_Math.c,168 :: 		
0x00C4	0x1803      	BTFSC      STATUS, 0
;__Lib_Math.c,169 :: 		
0x00C5	0x0F75      	INCFSZ     R5, 0
;__Lib_Math.c,170 :: 		
0x00C6	0x07FB      	ADDWF      R11, 1
;__Lib_Math.c,171 :: 		
0x00C7	0x0CFB      	RRF        R11, 1
;__Lib_Math.c,172 :: 		
0x00C8	0x0CFA      	RRF        R10, 1
;__Lib_Math.c,173 :: 		
0x00C9	0x0CF9      	RRF        R9, 1
;__Lib_Math.c,174 :: 		
0x00CA	0x0CF8      	RRF        R8, 1
;__Lib_Math.c,175 :: 		
0x00CB	0x1C03      	BTFSS      STATUS, 0
;__Lib_Math.c,176 :: 		
0x00CC	0x28B2      	GOTO       $-26
;__Lib_Math.c,177 :: 		
0x00CD	0x087B      	MOVF       R11, 0
;__Lib_Math.c,178 :: 		
0x00CE	0x00F3      	MOVWF      R3
;__Lib_Math.c,179 :: 		
0x00CF	0x087A      	MOVF       R10, 0
;__Lib_Math.c,180 :: 		
0x00D0	0x00F2      	MOVWF      R2
;__Lib_Math.c,181 :: 		
0x00D1	0x0879      	MOVF       R9, 0
;__Lib_Math.c,182 :: 		
0x00D2	0x00F1      	MOVWF      R1
;__Lib_Math.c,183 :: 		
0x00D3	0x0878      	MOVF       R8, 0
;__Lib_Math.c,184 :: 		
0x00D4	0x00F0      	MOVWF      R0
;__Lib_Math.c,187 :: 		
0x00D5	0x0008      	RETURN
; end of _Mul_16x16_U
_Mul_32x32_FP:
;__Lib_MathDouble.c,610 :: 		
;__Lib_MathDouble.c,622 :: 		
;__Lib_MathDouble.c,624 :: 		
0x00D6	0x1283      	BCF        STATUS, 5
;__Lib_MathDouble.c,625 :: 		
0x00D7	0x1303      	BCF        STATUS, 6
;__Lib_MathDouble.c,627 :: 		
0x00D8	0x01FB      	CLRF       R11
;__Lib_MathDouble.c,628 :: 		
0x00D9	0x0873      	MOVF       R3, 0
;__Lib_MathDouble.c,629 :: 		
0x00DA	0x1D03      	BTFSS      STATUS, 2
;__Lib_MathDouble.c,630 :: 		
0x00DB	0x0877      	MOVF       R7, 0
;__Lib_MathDouble.c,631 :: 		
0x00DC	0x1903      	BTFSC      STATUS, 2
;__Lib_MathDouble.c,632 :: 		
0x00DD	0x292D      	GOTO       JPMRES032
;__Lib_MathDouble.c,634 :: 		
0x00DE	0x0872      	MOVF       R2, 0
;__Lib_MathDouble.c,635 :: 		
0x00DF	0x0676      	XORWF      R6, 0
;__Lib_MathDouble.c,636 :: 		
0x00E0	0x00FA      	MOVWF      R10
;__Lib_MathDouble.c,637 :: 		
0x00E1	0x0877      	MOVF       R7, 0
;__Lib_MathDouble.c,638 :: 		
0x00E2	0x07F3      	ADDWF      R3, 1
;__Lib_MathDouble.c,639 :: 		
0x00E3	0x307E      	MOVLW      126
;__Lib_MathDouble.c,640 :: 		
0x00E4	0x1C03      	BTFSS      STATUS, 0
;__Lib_MathDouble.c,641 :: 		
0x00E5	0x28EA      	GOTO       MTUN32
;__Lib_MathDouble.c,642 :: 		
0x00E6	0x02F3      	SUBWF      R3, 1
;__Lib_MathDouble.c,643 :: 		
0x00E7	0x1803      	BTFSC      STATUS, 0
;__Lib_MathDouble.c,644 :: 		
0x00E8	0x2930      	GOTO       JPMSETFOV32
;__Lib_MathDouble.c,645 :: 		
0x00E9	0x28ED      	GOTO       MOK32
;__Lib_MathDouble.c,646 :: 		
MTUN32:
;__Lib_MathDouble.c,647 :: 		
0x00EA	0x02F3      	SUBWF      R3, 1
;__Lib_MathDouble.c,648 :: 		
0x00EB	0x1C03      	BTFSS      STATUS, 0
;__Lib_MathDouble.c,649 :: 		
0x00EC	0x2933      	GOTO       JPMSETFUN32
;__Lib_MathDouble.c,650 :: 		
MOK32:
;__Lib_MathDouble.c,651 :: 		
0x00ED	0x0872      	MOVF       R2, 0
;__Lib_MathDouble.c,652 :: 		
0x00EE	0x00F8      	MOVWF      R8
;__Lib_MathDouble.c,653 :: 		
0x00EF	0x0871      	MOVF       R1, 0
;__Lib_MathDouble.c,654 :: 		
0x00F0	0x00FC      	MOVWF      R12
;__Lib_MathDouble.c,655 :: 		
0x00F1	0x0870      	MOVF       R0, 0
;__Lib_MathDouble.c,656 :: 		
0x00F2	0x00FD      	MOVWF      R13
;__Lib_MathDouble.c,657 :: 		
0x00F3	0x17F8      	BSF        R8, 7
;__Lib_MathDouble.c,658 :: 		
0x00F4	0x17F6      	BSF        R6, 7
;__Lib_MathDouble.c,659 :: 		
0x00F5	0x1003      	BCF        STATUS, 0
;__Lib_MathDouble.c,660 :: 		
0x00F6	0x01F2      	CLRF       R2
;__Lib_MathDouble.c,661 :: 		
0x00F7	0x01F1      	CLRF       R1
;__Lib_MathDouble.c,662 :: 		
0x00F8	0x01F0      	CLRF       R0
;__Lib_MathDouble.c,663 :: 		
0x00F9	0x3018      	MOVLW      24
;__Lib_MathDouble.c,664 :: 		
0x00FA	0x00A0      	MOVWF      __math_tempbD
;__Lib_MathDouble.c,665 :: 		
MLOOP32:
;__Lib_MathDouble.c,666 :: 		
0x00FB	0x1C7D      	BTFSS      R13, 0
;__Lib_MathDouble.c,667 :: 		
0x00FC	0x2907      	GOTO       MNOADD32
;__Lib_MathDouble.c,669 :: 		
0x00FD	0x0874      	MOVF       R4, 0
;__Lib_MathDouble.c,670 :: 		
0x00FE	0x07F0      	ADDWF      R0, 1
;__Lib_MathDouble.c,671 :: 		
0x00FF	0x0875      	MOVF       R5, 0
;__Lib_MathDouble.c,672 :: 		
0x0100	0x1803      	BTFSC      STATUS, 0
;__Lib_MathDouble.c,673 :: 		
0x0101	0x0F75      	INCFSZ     R5, 0
;__Lib_MathDouble.c,674 :: 		
0x0102	0x07F1      	ADDWF      R1, 1
;__Lib_MathDouble.c,675 :: 		
0x0103	0x0876      	MOVF       R6, 0
;__Lib_MathDouble.c,676 :: 		
0x0104	0x1803      	BTFSC      STATUS, 0
;__Lib_MathDouble.c,677 :: 		
0x0105	0x0F76      	INCFSZ     R6, 0
;__Lib_MathDouble.c,678 :: 		
0x0106	0x07F2      	ADDWF      R2, 1
;__Lib_MathDouble.c,679 :: 		
MNOADD32:
;__Lib_MathDouble.c,680 :: 		
0x0107	0x0CF2      	RRF        R2, 1
;__Lib_MathDouble.c,681 :: 		
0x0108	0x0CF1      	RRF        R1, 1
;__Lib_MathDouble.c,682 :: 		
0x0109	0x0CF0      	RRF        R0, 1
;__Lib_MathDouble.c,683 :: 		
0x010A	0x0CF8      	RRF        R8, 1
;__Lib_MathDouble.c,684 :: 		
0x010B	0x0CFC      	RRF        R12, 1
;__Lib_MathDouble.c,685 :: 		
0x010C	0x0CFD      	RRF        R13, 1
;__Lib_MathDouble.c,686 :: 		
0x010D	0x1003      	BCF        STATUS, 0
;__Lib_MathDouble.c,687 :: 		
0x010E	0x0BA0      	DECFSZ     __math_tempbD, 1
;__Lib_MathDouble.c,688 :: 		
0x010F	0x28FB      	GOTO       MLOOP32
;__Lib_MathDouble.c,689 :: 		
0x0110	0x1BF2      	BTFSC      R2, 7
;__Lib_MathDouble.c,690 :: 		
0x0111	0x2917      	GOTO       MROUND32
;__Lib_MathDouble.c,691 :: 		
0x0112	0x0DF8      	RLF        R8, 1
;__Lib_MathDouble.c,692 :: 		
0x0113	0x0DF0      	RLF        R0, 1
;__Lib_MathDouble.c,693 :: 		
0x0114	0x0DF1      	RLF        R1, 1
;__Lib_MathDouble.c,694 :: 		
0x0115	0x0DF2      	RLF        R2, 1
;__Lib_MathDouble.c,695 :: 		
0x0116	0x03F3      	DECF       R3, 1
;__Lib_MathDouble.c,696 :: 		
MROUND32:
;__Lib_MathDouble.c,697 :: 		
0x0117	0x1B7B      	BTFSC      R11, 6
;__Lib_MathDouble.c,698 :: 		
0x0118	0x1C70      	BTFSS      R0, 0
;__Lib_MathDouble.c,699 :: 		
0x0119	0x2929      	GOTO       MUL32OK
;__Lib_MathDouble.c,700 :: 		
0x011A	0x1FF8      	BTFSS      R8, 7
;__Lib_MathDouble.c,701 :: 		
0x011B	0x2929      	GOTO       MUL32OK
;__Lib_MathDouble.c,702 :: 		
0x011C	0x0AF0      	INCF       R0, 1
;__Lib_MathDouble.c,703 :: 		
0x011D	0x1903      	BTFSC      STATUS, 2
;__Lib_MathDouble.c,704 :: 		
0x011E	0x0AF1      	INCF       R1, 1
;__Lib_MathDouble.c,705 :: 		
0x011F	0x1903      	BTFSC      STATUS, 2
;__Lib_MathDouble.c,706 :: 		
0x0120	0x0AF2      	INCF       R2, 1
;__Lib_MathDouble.c,707 :: 		
0x0121	0x1D03      	BTFSS      STATUS, 2
;__Lib_MathDouble.c,708 :: 		
0x0122	0x2929      	GOTO       MUL32OK
;__Lib_MathDouble.c,709 :: 		
0x0123	0x0CF2      	RRF        R2, 1
;__Lib_MathDouble.c,710 :: 		
0x0124	0x0CF1      	RRF        R1, 1
;__Lib_MathDouble.c,711 :: 		
0x0125	0x0CF0      	RRF        R0, 1
;__Lib_MathDouble.c,712 :: 		
0x0126	0x0AF3      	INCF       R3, 1
;__Lib_MathDouble.c,713 :: 		
0x0127	0x1903      	BTFSC      STATUS, 2
;__Lib_MathDouble.c,714 :: 		
0x0128	0x2930      	GOTO       JPMSETFOV32
;__Lib_MathDouble.c,715 :: 		
MUL32OK:
;__Lib_MathDouble.c,716 :: 		
0x0129	0x1FFA      	BTFSS      R10, 7
;__Lib_MathDouble.c,717 :: 		
0x012A	0x13F2      	BCF        R2, 7
;__Lib_MathDouble.c,718 :: 		
0x012B	0x3000      	MOVLW      0
;__Lib_MathDouble.c,720 :: 		
0x012C	0x2935      	GOTO       MUL32EEE
;__Lib_MathDouble.c,721 :: 		
JPMRES032:
;__Lib_MathDouble.c,722 :: 		
0x012D	0x3001      	MOVLW      1
;__Lib_MathDouble.c,725 :: 		
0x012E	0x2003      	CALL       _RES032
;__Lib_MathDouble.c,727 :: 		
0x012F	0x2935      	GOTO       MUL32EEE
;__Lib_MathDouble.c,728 :: 		
JPMSETFOV32:
;__Lib_MathDouble.c,729 :: 		
0x0130	0x3002      	MOVLW      2
;__Lib_MathDouble.c,732 :: 		
0x0131	0x201A      	CALL       _SETFOV32
;__Lib_MathDouble.c,734 :: 		
0x0132	0x2935      	GOTO       MUL32EEE
;__Lib_MathDouble.c,735 :: 		
JPMSETFUN32:
;__Lib_MathDouble.c,736 :: 		
0x0133	0x3004      	MOVLW      4
;__Lib_MathDouble.c,739 :: 		
0x0134	0x200A      	CALL       _SETFUN32
;__Lib_MathDouble.c,741 :: 		
MUL32EEE:
;__Lib_MathDouble.c,742 :: 		
0x0135	0x0000      	NOP
;__Lib_MathDouble.c,749 :: 		
0x0136	0x0008      	RETURN
; end of _Mul_32x32_FP
___CC2DW:
;__Lib_System.c,24 :: 		
;__Lib_System.c,27 :: 		
_CC2D_Loop1:
;__Lib_System.c,29 :: 		
0x0137	0x2042      	CALL       _____DoICP
0x0138	0x118A      	BCF        PCLATH, 3
0x0139	0x120A      	BCF        PCLATH, 4
;__Lib_System.c,31 :: 		
0x013A	0x0080      	MOVWF      INDF
;__Lib_System.c,32 :: 		
0x013B	0x0A84      	INCF       FSR, 1
;__Lib_System.c,33 :: 		
0x013C	0x0AA1      	INCF       ___DoICPAddr, 1
;__Lib_System.c,35 :: 		
0x013D	0x1903      	BTFSC      STATUS, 2
;__Lib_System.c,36 :: 		
0x013E	0x0AA2      	INCF       ___DoICPAddr+1, 1
;__Lib_System.c,37 :: 		
0x013F	0x03F0      	DECF       R0, 1
;__Lib_System.c,39 :: 		
0x0140	0x1D03      	BTFSS      STATUS, 2
;__Lib_System.c,40 :: 		
0x0141	0x2937      	GOTO       _CC2D_Loop1
;__Lib_System.c,42 :: 		
0x0142	0x0008      	RETURN
; end of ___CC2DW
_PWM2_Set_Duty:
;__Lib_PWM_c21.c,8 :: 		
;__Lib_PWM_c21.c,12 :: 		
0x0143	0x1683      	BSF        STATUS, 5
0x0144	0x1303      	BCF        STATUS, 6
0x0145	0x0812      	MOVF       PR2, 0
0x0146	0x3E01      	ADDLW      1
0x0147	0x00F0      	MOVWF      R0
0x0148	0x01F1      	CLRF       R0+1
0x0149	0x1803      	BTFSC      STATUS, 0
0x014A	0x0AF1      	INCF       R0+1, 1
0x014B	0x1283      	BCF        STATUS, 5
0x014C	0x082A      	MOVF       FARG_PWM2_Set_Duty_new_duty, 0
0x014D	0x00F4      	MOVWF      R4
0x014E	0x01F5      	CLRF       R4+1
0x014F	0x20AB      	CALL       _Mul_16x16_U
0x0150	0x3006      	MOVLW      6
0x0151	0x00F2      	MOVWF      R2
0x0152	0x0870      	MOVF       R0, 0
0x0153	0x00F4      	MOVWF      R4
0x0154	0x0871      	MOVF       R0+1, 0
0x0155	0x00F5      	MOVWF      R4+1
0x0156	0x0872      	MOVF       R2, 0
L__PWM2_Set_Duty0:
0x0157	0x1903      	BTFSC      STATUS, 2
0x0158	0x295E      	GOTO       L__PWM2_Set_Duty1
0x0159	0x0CF5      	RRF        R4+1, 1
0x015A	0x0CF4      	RRF        R4, 1
0x015B	0x13F5      	BCF        R4+1, 7
0x015C	0x3EFF      	ADDLW      255
0x015D	0x2957      	GOTO       L__PWM2_Set_Duty0
L__PWM2_Set_Duty1:
;__Lib_PWM_c21.c,13 :: 		
0x015E	0x3004      	MOVLW      4
0x015F	0x00F1      	MOVWF      R1
0x0160	0x0874      	MOVF       R4, 0
0x0161	0x00F0      	MOVWF      R0
0x0162	0x0871      	MOVF       R1, 0
L__PWM2_Set_Duty2:
0x0163	0x1903      	BTFSC      STATUS, 2
0x0164	0x2969      	GOTO       L__PWM2_Set_Duty3
0x0165	0x0DF0      	RLF        R0, 1
0x0166	0x1070      	BCF        R0, 0
0x0167	0x3EFF      	ADDLW      255
0x0168	0x2963      	GOTO       L__PWM2_Set_Duty2
L__PWM2_Set_Duty3:
0x0169	0x1283      	BCF        STATUS, 5
0x016A	0x1303      	BCF        STATUS, 6
0x016B	0x3030      	MOVLW      48
0x016C	0x0570      	ANDWF      R0, 0
0x016D	0x00F3      	MOVWF      R3
;__Lib_PWM_c21.c,14 :: 		
0x016E	0x0874      	MOVF       R4, 0
0x016F	0x00F0      	MOVWF      R0
0x0170	0x0875      	MOVF       R4+1, 0
0x0171	0x00F1      	MOVWF      R0+1
0x0172	0x0CF1      	RRF        R0+1, 1
0x0173	0x0CF0      	RRF        R0, 1
0x0174	0x13F1      	BCF        R0+1, 7
0x0175	0x0CF1      	RRF        R0+1, 1
0x0176	0x0CF0      	RRF        R0, 1
0x0177	0x13F1      	BCF        R0+1, 7
0x0178	0x0870      	MOVF       R0, 0
0x0179	0x009B      	MOVWF      CCPR2L
;__Lib_PWM_c21.c,15 :: 		
0x017A	0x300F      	MOVLW      15
0x017B	0x059D      	ANDWF      CCP2CON, 1
;__Lib_PWM_c21.c,16 :: 		
0x017C	0x0873      	MOVF       R3, 0
0x017D	0x049D      	IORWF      CCP2CON, 1
;__Lib_PWM_c21.c,17 :: 		
0x017E	0x0008      	RETURN
; end of _PWM2_Set_Duty
_Longword2Double:
;__Lib_MathDouble.c,1958 :: 		
;__Lib_MathDouble.c,1963 :: 		
0x017F	0x1283      	BCF        STATUS, 5
;__Lib_MathDouble.c,1964 :: 		
0x0180	0x1303      	BCF        STATUS, 6
;__Lib_MathDouble.c,1966 :: 		
0x0181	0x0870      	MOVF       R0, 0
;__Lib_MathDouble.c,1967 :: 		
0x0182	0x00F8      	MOVWF      R8
;__Lib_MathDouble.c,1968 :: 		
0x0183	0x0871      	MOVF       R1, 0
;__Lib_MathDouble.c,1969 :: 		
0x0184	0x00F0      	MOVWF      R0
;__Lib_MathDouble.c,1970 :: 		
0x0185	0x0872      	MOVF       R2, 0
;__Lib_MathDouble.c,1971 :: 		
0x0186	0x00F1      	MOVWF      R1
;__Lib_MathDouble.c,1972 :: 		
0x0187	0x0873      	MOVF       R3, 0
;__Lib_MathDouble.c,1973 :: 		
0x0188	0x00F2      	MOVWF      R2
;__Lib_MathDouble.c,1974 :: 		
0x0189	0x01F3      	CLRF       R3
;__Lib_MathDouble.c,1977 :: 		
0x018A	0x01FB      	CLRF       R11
;__Lib_MathDouble.c,1978 :: 		
0x018B	0x01FC      	CLRF       R12
;__Lib_MathDouble.c,1980 :: 		
0x018C	0x309E      	MOVLW      158
;__Lib_MathDouble.c,1981 :: 		
0x018D	0x00F3      	MOVWF      R3
;__Lib_MathDouble.c,1982 :: 		
0x018E	0x01FA      	CLRF       R10
;__Lib_MathDouble.c,1983 :: 		
0x018F	0x3002      	MOVLW      2
;__Lib_MathDouble.c,1984 :: 		
0x0190	0x00FC      	MOVWF      R12
;__Lib_MathDouble.c,1986 :: 		
0x0191	0x2049      	CALL       _NRM4032
;__Lib_MathDouble.c,1987 :: 		
0x0192	0x0008      	RETURN
; end of _Longword2Double
_ADC_Read:
;__Lib_ADC_A_C.c,45 :: 		
;__Lib_ADC_A_C.c,47 :: 		
0x0193	0x1283      	BCF        STATUS, 5
0x0194	0x1303      	BCF        STATUS, 6
0x0195	0x019F      	CLRF       ADCON0
;__Lib_ADC_A_C.c,48 :: 		
0x0196	0x30C0      	MOVLW      192
0x0197	0x049F      	IORWF      ADCON0, 1
;__Lib_ADC_A_C.c,49 :: 		
0x0198	0x1683      	BSF        STATUS, 5
0x0199	0x171F      	BSF        ADCON1, 6
;__Lib_ADC_A_C.c,50 :: 		
0x019A	0x179F      	BSF        ADCON1, 7
;__Lib_ADC_A_C.c,51 :: 		
0x019B	0x1283      	BCF        STATUS, 5
0x019C	0x082A      	MOVF       FARG_ADC_Read_channel, 0
0x019D	0x00F0      	MOVWF      R0
0x019E	0x0DF0      	RLF        R0, 1
0x019F	0x1070      	BCF        R0, 0
0x01A0	0x0DF0      	RLF        R0, 1
0x01A1	0x1070      	BCF        R0, 0
0x01A2	0x0DF0      	RLF        R0, 1
0x01A3	0x1070      	BCF        R0, 0
0x01A4	0x0870      	MOVF       R0, 0
0x01A5	0x049F      	IORWF      ADCON0, 1
;__Lib_ADC_A_C.c,54 :: 		
0x01A6	0x141F      	BSF        ADCON0, 0
;__Lib_ADC_A_C.c,57 :: 		
0x01A7	0x20A3      	CALL       _Delay_22us
;__Lib_ADC_A_C.c,60 :: 		
0x01A8	0x151F      	BSF        ADCON0, 2
;__Lib_ADC_A_C.c,63 :: 		
L_ADC_Read2:
0x01A9	0x1D1F      	BTFSS      ADCON0, 2
0x01AA	0x29AD      	GOTO       L_ADC_Read3
;__Lib_ADC_A_C.c,64 :: 		
0x01AB	0x0000      	NOP
0x01AC	0x29A9      	GOTO       L_ADC_Read2
L_ADC_Read3:
;__Lib_ADC_A_C.c,67 :: 		
0x01AD	0x101F      	BCF        ADCON0, 0
;__Lib_ADC_A_C.c,70 :: 		
0x01AE	0x081E      	MOVF       ADRESH, 0
0x01AF	0x00F1      	MOVWF      R0+1
0x01B0	0x01F0      	CLRF       R0
0x01B1	0x1683      	BSF        STATUS, 5
0x01B2	0x081E      	MOVF       ADRESL, 0
0x01B3	0x04F0      	IORWF      R0, 1
0x01B4	0x3000      	MOVLW      0
0x01B5	0x04F1      	IORWF      R0+1, 1
;__Lib_ADC_A_C.c,71 :: 		
0x01B6	0x0008      	RETURN
; end of _ADC_Read
_Double2Longword:
;__Lib_MathDouble.c,1029 :: 		
;__Lib_MathDouble.c,1037 :: 		
0x01B7	0x1283      	BCF        STATUS, 5
;__Lib_MathDouble.c,1038 :: 		
0x01B8	0x1303      	BCF        STATUS, 6
;__Lib_MathDouble.c,1040 :: 		
0x01B9	0x01FB      	CLRF       R11
;__Lib_MathDouble.c,1041 :: 		
0x01BA	0x01FC      	CLRF       R12
;__Lib_MathDouble.c,1042 :: 		
0x01BB	0x01F8      	CLRF       R8
;__Lib_MathDouble.c,1043 :: 		
0x01BC	0x0873      	MOVF       R3, 0
;__Lib_MathDouble.c,1044 :: 		
0x01BD	0x1903      	BTFSC      STATUS, 2
;__Lib_MathDouble.c,1045 :: 		
0x01BE	0x2A30      	GOTO       INT3232UEOK
;__Lib_MathDouble.c,1046 :: 		
0x01BF	0x17F2      	BSF        R2, 7
;__Lib_MathDouble.c,1047 :: 		
0x01C0	0x309E      	MOVLW      158
;__Lib_MathDouble.c,1048 :: 		
0x01C1	0x02F3      	SUBWF      R3, 1
;__Lib_MathDouble.c,1049 :: 		
0x01C2	0x1BF3      	BTFSC      R3, 7
;__Lib_MathDouble.c,1050 :: 		
0x01C3	0x29C7      	GOTO       SETEXP32U
;__Lib_MathDouble.c,1051 :: 		
0x01C4	0x1903      	BTFSC      STATUS, 2
;__Lib_MathDouble.c,1052 :: 		
0x01C5	0x29C7      	GOTO       SETEXP32U
;__Lib_MathDouble.c,1053 :: 		
0x01C6	0x2A20      	GOTO       SETIOV32U
;__Lib_MathDouble.c,1054 :: 		
SETEXP32U:
;__Lib_MathDouble.c,1055 :: 		
0x01C7	0x09F3      	COMF       R3, 1
;__Lib_MathDouble.c,1056 :: 		
0x01C8	0x0AF3      	INCF       R3, 1
;__Lib_MathDouble.c,1057 :: 		
0x01C9	0x3008      	MOVLW      8
;__Lib_MathDouble.c,1058 :: 		
0x01CA	0x0273      	SUBWF      R3, 0
;__Lib_MathDouble.c,1059 :: 		
0x01CB	0x1C03      	BTFSS      STATUS, 0
;__Lib_MathDouble.c,1060 :: 		
0x01CC	0x29F5      	GOTO       TSHIFT3232U
;__Lib_MathDouble.c,1061 :: 		
0x01CD	0x00F3      	MOVWF      R3
;__Lib_MathDouble.c,1062 :: 		
0x01CE	0x0DF8      	RLF        R8, 1
;__Lib_MathDouble.c,1063 :: 		
0x01CF	0x0870      	MOVF       R0, 0
;__Lib_MathDouble.c,1064 :: 		
0x01D0	0x00F8      	MOVWF      R8
;__Lib_MathDouble.c,1065 :: 		
0x01D1	0x0871      	MOVF       R1, 0
;__Lib_MathDouble.c,1066 :: 		
0x01D2	0x00F0      	MOVWF      R0
;__Lib_MathDouble.c,1067 :: 		
0x01D3	0x0872      	MOVF       R2, 0
;__Lib_MathDouble.c,1068 :: 		
0x01D4	0x00F1      	MOVWF      R1
;__Lib_MathDouble.c,1069 :: 		
0x01D5	0x01F2      	CLRF       R2
;__Lib_MathDouble.c,1071 :: 		
0x01D6	0x3008      	MOVLW      8
;__Lib_MathDouble.c,1072 :: 		
0x01D7	0x0273      	SUBWF      R3, 0
;__Lib_MathDouble.c,1073 :: 		
0x01D8	0x1C03      	BTFSS      STATUS, 0
;__Lib_MathDouble.c,1074 :: 		
0x01D9	0x29F5      	GOTO       TSHIFT3232U
;__Lib_MathDouble.c,1075 :: 		
0x01DA	0x00F3      	MOVWF      R3
;__Lib_MathDouble.c,1076 :: 		
0x01DB	0x0DF8      	RLF        R8, 1
;__Lib_MathDouble.c,1077 :: 		
0x01DC	0x0870      	MOVF       R0, 0
;__Lib_MathDouble.c,1078 :: 		
0x01DD	0x00F8      	MOVWF      R8
;__Lib_MathDouble.c,1079 :: 		
0x01DE	0x0871      	MOVF       R1, 0
;__Lib_MathDouble.c,1080 :: 		
0x01DF	0x00F0      	MOVWF      R0
;__Lib_MathDouble.c,1081 :: 		
0x01E0	0x01F1      	CLRF       R1
;__Lib_MathDouble.c,1083 :: 		
0x01E1	0x3008      	MOVLW      8
;__Lib_MathDouble.c,1084 :: 		
0x01E2	0x0273      	SUBWF      R3, 0
;__Lib_MathDouble.c,1085 :: 		
0x01E3	0x1C03      	BTFSS      STATUS, 0
;__Lib_MathDouble.c,1086 :: 		
0x01E4	0x29F5      	GOTO       TSHIFT3232U
;__Lib_MathDouble.c,1087 :: 		
0x01E5	0x00F3      	MOVWF      R3
;__Lib_MathDouble.c,1088 :: 		
0x01E6	0x0DF8      	RLF        R8, 1
;__Lib_MathDouble.c,1089 :: 		
0x01E7	0x0870      	MOVF       R0, 0
;__Lib_MathDouble.c,1090 :: 		
0x01E8	0x00F8      	MOVWF      R8
;__Lib_MathDouble.c,1091 :: 		
0x01E9	0x01F0      	CLRF       R0
;__Lib_MathDouble.c,1093 :: 		
0x01EA	0x3008      	MOVLW      8
;__Lib_MathDouble.c,1094 :: 		
0x01EB	0x0273      	SUBWF      R3, 0
;__Lib_MathDouble.c,1095 :: 		
0x01EC	0x1C03      	BTFSS      STATUS, 0
;__Lib_MathDouble.c,1096 :: 		
0x01ED	0x29F5      	GOTO       TSHIFT3232U
;__Lib_MathDouble.c,1097 :: 		
0x01EE	0x00F3      	MOVWF      R3
;__Lib_MathDouble.c,1098 :: 		
0x01EF	0x0DF8      	RLF        R8, 1
;__Lib_MathDouble.c,1099 :: 		
0x01F0	0x01F8      	CLRF       R8
;__Lib_MathDouble.c,1101 :: 		
0x01F1	0x0873      	MOVF       R3, 0
;__Lib_MathDouble.c,1102 :: 		
0x01F2	0x1D03      	BTFSS      STATUS, 2
;__Lib_MathDouble.c,1103 :: 		
0x01F3	0x1003      	BCF        STATUS, 0
;__Lib_MathDouble.c,1104 :: 		
0x01F4	0x29FF      	GOTO       SHIFT3232UOK
;__Lib_MathDouble.c,1105 :: 		
TSHIFT3232U:
;__Lib_MathDouble.c,1106 :: 		
0x01F5	0x0873      	MOVF       R3, 0
;__Lib_MathDouble.c,1107 :: 		
0x01F6	0x1903      	BTFSC      STATUS, 2
;__Lib_MathDouble.c,1108 :: 		
0x01F7	0x29FF      	GOTO       SHIFT3232UOK
;__Lib_MathDouble.c,1109 :: 		
SHIFT3232U:
;__Lib_MathDouble.c,1110 :: 		
0x01F8	0x1003      	BCF        STATUS, 0
;__Lib_MathDouble.c,1111 :: 		
0x01F9	0x0CF2      	RRF        R2, 1
;__Lib_MathDouble.c,1112 :: 		
0x01FA	0x0CF1      	RRF        R1, 1
;__Lib_MathDouble.c,1113 :: 		
0x01FB	0x0CF0      	RRF        R0, 1
;__Lib_MathDouble.c,1114 :: 		
0x01FC	0x0CF8      	RRF        R8, 1
;__Lib_MathDouble.c,1115 :: 		
0x01FD	0x0BF3      	DECFSZ     R3, 1
;__Lib_MathDouble.c,1116 :: 		
0x01FE	0x29F8      	GOTO       SHIFT3232U
;__Lib_MathDouble.c,1117 :: 		
SHIFT3232UOK:
;__Lib_MathDouble.c,1118 :: 		
0x01FF	0x1B7B      	BTFSC      R11, 6
;__Lib_MathDouble.c,1119 :: 		
0x0200	0x1C78      	BTFSS      R8, 0
;__Lib_MathDouble.c,1120 :: 		
0x0201	0x2A0D      	GOTO       INT3232UOK
;__Lib_MathDouble.c,1121 :: 		
0x0202	0x1C03      	BTFSS      STATUS, 0
;__Lib_MathDouble.c,1122 :: 		
0x0203	0x2A0D      	GOTO       INT3232UOK
;__Lib_MathDouble.c,1123 :: 		
0x0204	0x0AF8      	INCF       R8, 1
;__Lib_MathDouble.c,1124 :: 		
0x0205	0x1903      	BTFSC      STATUS, 2
;__Lib_MathDouble.c,1125 :: 		
0x0206	0x0AF0      	INCF       R0, 1
;__Lib_MathDouble.c,1126 :: 		
0x0207	0x1903      	BTFSC      STATUS, 2
;__Lib_MathDouble.c,1127 :: 		
0x0208	0x0AF1      	INCF       R1, 1
;__Lib_MathDouble.c,1128 :: 		
0x0209	0x1903      	BTFSC      STATUS, 2
;__Lib_MathDouble.c,1129 :: 		
0x020A	0x0AF2      	INCF       R2, 1
;__Lib_MathDouble.c,1130 :: 		
0x020B	0x1BF2      	BTFSC      R2, 7
;__Lib_MathDouble.c,1131 :: 		
0x020C	0x2A2D      	GOTO       JPLSETIOV3224
;__Lib_MathDouble.c,1132 :: 		
INT3232UOK:
;__Lib_MathDouble.c,1133 :: 		
0x020D	0x1FFA      	BTFSS      R10, 7
;__Lib_MathDouble.c,1134 :: 		
0x020E	0x2A30      	GOTO       INT3232UEOK
;__Lib_MathDouble.c,1136 :: 		
0x020F	0x09F2      	COMF       R2, 1
;__Lib_MathDouble.c,1137 :: 		
0x0210	0x09F1      	COMF       R1, 1
;__Lib_MathDouble.c,1138 :: 		
0x0211	0x09F0      	COMF       R0, 1
;__Lib_MathDouble.c,1139 :: 		
0x0212	0x09F8      	COMF       R8, 1
;__Lib_MathDouble.c,1140 :: 		
0x0213	0x0AF8      	INCF       R8, 1
;__Lib_MathDouble.c,1141 :: 		
0x0214	0x1903      	BTFSC      STATUS, 2
;__Lib_MathDouble.c,1142 :: 		
0x0215	0x0AF0      	INCF       R0, 1
;__Lib_MathDouble.c,1143 :: 		
0x0216	0x1903      	BTFSC      STATUS, 2
;__Lib_MathDouble.c,1144 :: 		
0x0217	0x0AF1      	INCF       R1, 1
;__Lib_MathDouble.c,1145 :: 		
0x0218	0x1903      	BTFSC      STATUS, 2
;__Lib_MathDouble.c,1146 :: 		
0x0219	0x0AF2      	INCF       R2, 1
;__Lib_MathDouble.c,1147 :: 		
0x021A	0x2A30      	GOTO       INT3232UEOK
;__Lib_MathDouble.c,1149 :: 		
0x021B	0x01F2      	CLRF       R2
;__Lib_MathDouble.c,1150 :: 		
0x021C	0x01F1      	CLRF       R1
;__Lib_MathDouble.c,1151 :: 		
0x021D	0x01F0      	CLRF       R0
;__Lib_MathDouble.c,1152 :: 		
0x021E	0x01F8      	CLRF       R8
;__Lib_MathDouble.c,1153 :: 		
0x021F	0x2A30      	GOTO       INT3232UEOK
;__Lib_MathDouble.c,1154 :: 		
SETIOV32U:
;__Lib_MathDouble.c,1155 :: 		
0x0220	0x147B      	BSF        R11, 0
;__Lib_MathDouble.c,1156 :: 		
0x0221	0x1FFB      	BTFSS      R11, 7
;__Lib_MathDouble.c,1157 :: 		
0x0222	0x2A33      	GOTO       INT3232UEER
;__Lib_MathDouble.c,1159 :: 		
0x0223	0x01F2      	CLRF       R2
;__Lib_MathDouble.c,1160 :: 		
0x0224	0x1FFA      	BTFSS      R10, 7
;__Lib_MathDouble.c,1161 :: 		
0x0225	0x2A33      	GOTO       INT3232UEER
;__Lib_MathDouble.c,1162 :: 		
0x0226	0x00F2      	MOVWF      R2
;__Lib_MathDouble.c,1163 :: 		
0x0227	0x00F1      	MOVWF      R1
;__Lib_MathDouble.c,1164 :: 		
0x0228	0x00F0      	MOVWF      R0
;__Lib_MathDouble.c,1165 :: 		
0x0229	0x00F8      	MOVWF      R8
;__Lib_MathDouble.c,1166 :: 		
0x022A	0x0DFA      	RLF        R10, 1
;__Lib_MathDouble.c,1167 :: 		
0x022B	0x0CF2      	RRF        R2, 1
;__Lib_MathDouble.c,1168 :: 		
0x022C	0x2A33      	GOTO       INT3232UEER
;__Lib_MathDouble.c,1169 :: 		
JPLSETIOV3224:
;__Lib_MathDouble.c,1170 :: 		
0x022D	0x3001      	MOVLW      1
;__Lib_MathDouble.c,1171 :: 		
0x022E	0x00FC      	MOVWF      R12
;__Lib_MathDouble.c,1172 :: 		
0x022F	0x2A35      	GOTO       INT3232UEEE
;__Lib_MathDouble.c,1173 :: 		
INT3232UEOK:
;__Lib_MathDouble.c,1174 :: 		
0x0230	0x3000      	MOVLW      0
;__Lib_MathDouble.c,1175 :: 		
0x0231	0x00FC      	MOVWF      R12
;__Lib_MathDouble.c,1176 :: 		
0x0232	0x2A35      	GOTO       INT3232UEEE
;__Lib_MathDouble.c,1177 :: 		
INT3232UEER:
;__Lib_MathDouble.c,1178 :: 		
0x0233	0x30FF      	MOVLW      255
;__Lib_MathDouble.c,1179 :: 		
0x0234	0x00FC      	MOVWF      R12
;__Lib_MathDouble.c,1180 :: 		
INT3232UEEE:
;__Lib_MathDouble.c,1183 :: 		
0x0235	0x08FC      	MOVF       R12, 1
;__Lib_MathDouble.c,1185 :: 		
0x0236	0x1903      	BTFSC      STATUS, 2
;__Lib_MathDouble.c,1186 :: 		
0x0237	0x2A39      	GOTO       L_Double2Longword_0
;__Lib_MathDouble.c,1188 :: 		
0x0238	0x202C      	CALL       _SETIOV3224
;__Lib_MathDouble.c,1191 :: 		
L_Double2Longword_0:
;__Lib_MathDouble.c,1192 :: 		
0x0239	0x0872      	MOVF       R2, 0
;__Lib_MathDouble.c,1193 :: 		
0x023A	0x00F3      	MOVWF      R3
;__Lib_MathDouble.c,1194 :: 		
0x023B	0x0871      	MOVF       R1, 0
;__Lib_MathDouble.c,1195 :: 		
0x023C	0x00F2      	MOVWF      R2
;__Lib_MathDouble.c,1196 :: 		
0x023D	0x0870      	MOVF       R0, 0
;__Lib_MathDouble.c,1197 :: 		
0x023E	0x00F1      	MOVWF      R1
;__Lib_MathDouble.c,1198 :: 		
0x023F	0x0878      	MOVF       R8, 0
;__Lib_MathDouble.c,1199 :: 		
0x0240	0x00F0      	MOVWF      R0
;__Lib_MathDouble.c,1202 :: 		
0x0241	0x0008      	RETURN
; end of _Double2Longword
_InitMain:
;PWM.c,3 :: 		void InitMain() {
;PWM.c,4 :: 		PORTA = 255;
0x0242	0x30FF      	MOVLW      255
0x0243	0x1283      	BCF        STATUS, 5
0x0244	0x1303      	BCF        STATUS, 6
0x0245	0x0085      	MOVWF      PORTA
;PWM.c,5 :: 		TRISA = 255;                        // configure PORTA pins as input
0x0246	0x30FF      	MOVLW      255
0x0247	0x1683      	BSF        STATUS, 5
0x0248	0x0085      	MOVWF      TRISA
;PWM.c,6 :: 		PORTB = 0;                          // set PORTB to 0
0x0249	0x1283      	BCF        STATUS, 5
0x024A	0x0186      	CLRF       PORTB
;PWM.c,7 :: 		TRISB = 0;                          // designate PORTB pins as output
0x024B	0x1683      	BSF        STATUS, 5
0x024C	0x0186      	CLRF       TRISB
;PWM.c,8 :: 		PORTC = 0;                          // set PORTC to 0
0x024D	0x1283      	BCF        STATUS, 5
0x024E	0x0187      	CLRF       PORTC
;PWM.c,9 :: 		TRISC = 0;                          // designate PORTC pins as output
0x024F	0x1683      	BSF        STATUS, 5
0x0250	0x0187      	CLRF       TRISC
;PWM.c,10 :: 		PWM1_Init(10000);                    // Initialize PWM1 module at 5KHz
0x0251	0x1283      	BCF        STATUS, 5
0x0252	0x1412      	BSF        T2CON, 0
0x0253	0x1092      	BCF        T2CON, 1
0x0254	0x307C      	MOVLW      124
0x0255	0x1683      	BSF        STATUS, 5
0x0256	0x0092      	MOVWF      PR2
0x0257	0x203C      	CALL       _PWM1_Init
;PWM.c,11 :: 		PWM2_Init(10000);                    // Initialize PWM2 module at 5KHz}
0x0258	0x1412      	BSF        T2CON, 0
0x0259	0x1092      	BCF        T2CON, 1
0x025A	0x307C      	MOVLW      124
0x025B	0x1683      	BSF        STATUS, 5
0x025C	0x0092      	MOVWF      PR2
0x025D	0x2026      	CALL       _PWM2_Init
;PWM.c,12 :: 		}
0x025E	0x0008      	RETURN
; end of _InitMain
_PWM1_Set_Duty:
;__Lib_PWM_c21.c,40 :: 		
;__Lib_PWM_c21.c,44 :: 		
0x025F	0x1683      	BSF        STATUS, 5
0x0260	0x1303      	BCF        STATUS, 6
0x0261	0x0812      	MOVF       PR2, 0
0x0262	0x3E01      	ADDLW      1
0x0263	0x00F0      	MOVWF      R0
0x0264	0x01F1      	CLRF       R0+1
0x0265	0x1803      	BTFSC      STATUS, 0
0x0266	0x0AF1      	INCF       R0+1, 1
0x0267	0x1283      	BCF        STATUS, 5
0x0268	0x082A      	MOVF       FARG_PWM1_Set_Duty_new_duty, 0
0x0269	0x00F4      	MOVWF      R4
0x026A	0x01F5      	CLRF       R4+1
0x026B	0x20AB      	CALL       _Mul_16x16_U
0x026C	0x3006      	MOVLW      6
0x026D	0x00F2      	MOVWF      R2
0x026E	0x0870      	MOVF       R0, 0
0x026F	0x00F4      	MOVWF      R4
0x0270	0x0871      	MOVF       R0+1, 0
0x0271	0x00F5      	MOVWF      R4+1
0x0272	0x0872      	MOVF       R2, 0
L__PWM1_Set_Duty4:
0x0273	0x1903      	BTFSC      STATUS, 2
0x0274	0x2A7A      	GOTO       L__PWM1_Set_Duty5
0x0275	0x0CF5      	RRF        R4+1, 1
0x0276	0x0CF4      	RRF        R4, 1
0x0277	0x13F5      	BCF        R4+1, 7
0x0278	0x3EFF      	ADDLW      255
0x0279	0x2A73      	GOTO       L__PWM1_Set_Duty4
L__PWM1_Set_Duty5:
;__Lib_PWM_c21.c,45 :: 		
0x027A	0x3004      	MOVLW      4
0x027B	0x00F1      	MOVWF      R1
0x027C	0x0874      	MOVF       R4, 0
0x027D	0x00F0      	MOVWF      R0
0x027E	0x0871      	MOVF       R1, 0
L__PWM1_Set_Duty6:
0x027F	0x1903      	BTFSC      STATUS, 2
0x0280	0x2A85      	GOTO       L__PWM1_Set_Duty7
0x0281	0x0DF0      	RLF        R0, 1
0x0282	0x1070      	BCF        R0, 0
0x0283	0x3EFF      	ADDLW      255
0x0284	0x2A7F      	GOTO       L__PWM1_Set_Duty6
L__PWM1_Set_Duty7:
0x0285	0x1283      	BCF        STATUS, 5
0x0286	0x1303      	BCF        STATUS, 6
0x0287	0x3030      	MOVLW      48
0x0288	0x0570      	ANDWF      R0, 0
0x0289	0x00F3      	MOVWF      R3
;__Lib_PWM_c21.c,46 :: 		
0x028A	0x0874      	MOVF       R4, 0
0x028B	0x00F0      	MOVWF      R0
0x028C	0x0875      	MOVF       R4+1, 0
0x028D	0x00F1      	MOVWF      R0+1
0x028E	0x0CF1      	RRF        R0+1, 1
0x028F	0x0CF0      	RRF        R0, 1
0x0290	0x13F1      	BCF        R0+1, 7
0x0291	0x0CF1      	RRF        R0+1, 1
0x0292	0x0CF0      	RRF        R0, 1
0x0293	0x13F1      	BCF        R0+1, 7
0x0294	0x0870      	MOVF       R0, 0
0x0295	0x0095      	MOVWF      CCPR1L
;__Lib_PWM_c21.c,47 :: 		
0x0296	0x300F      	MOVLW      15
0x0297	0x0597      	ANDWF      CCP1CON, 1
;__Lib_PWM_c21.c,48 :: 		
0x0298	0x0873      	MOVF       R3, 0
0x0299	0x0497      	IORWF      CCP1CON, 1
;__Lib_PWM_c21.c,49 :: 		
0x029A	0x0008      	RETURN
; end of _PWM1_Set_Duty
_PWM1_Start:
;__Lib_PWM_c21.c,51 :: 		
;__Lib_PWM_c21.c,52 :: 		
0x029B	0x1683      	BSF        STATUS, 5
0x029C	0x1303      	BCF        STATUS, 6
0x029D	0x1107      	BCF        TRISC2_bit, 2
;__Lib_PWM_c21.c,53 :: 		
0x029E	0x1283      	BCF        STATUS, 5
0x029F	0x1512      	BSF        T2CON, 2
;__Lib_PWM_c21.c,54 :: 		
0x02A0	0x300C      	MOVLW      12
0x02A1	0x0497      	IORWF      CCP1CON, 1
;__Lib_PWM_c21.c,55 :: 		
0x02A2	0x0008      	RETURN
; end of _PWM1_Start
_Div_32x32_FP:
;__Lib_MathDouble.c,761 :: 		
;__Lib_MathDouble.c,773 :: 		
;__Lib_MathDouble.c,776 :: 		
0x02A3	0x1283      	BCF        STATUS, 5
0x02A4	0x1303      	BCF        STATUS, 6
0x02A5	0x0874      	MOVF       R4, 0
0x02A6	0x3A00      	XORLW      0
0x02A7	0x1D03      	BTFSS      STATUS, 2
0x02A8	0x2ABE      	GOTO       L_Div_32x32_FP7
;__Lib_MathDouble.c,777 :: 		
0x02A9	0x0875      	MOVF       R5, 0
0x02AA	0x3A00      	XORLW      0
0x02AB	0x1D03      	BTFSS      STATUS, 2
0x02AC	0x2ABE      	GOTO       L_Div_32x32_FP8
;__Lib_MathDouble.c,778 :: 		
0x02AD	0x0876      	MOVF       R6, 0
0x02AE	0x3A00      	XORLW      0
0x02AF	0x1D03      	BTFSS      STATUS, 2
0x02B0	0x2ABE      	GOTO       L_Div_32x32_FP9
;__Lib_MathDouble.c,779 :: 		
0x02B1	0x0877      	MOVF       R7, 0
0x02B2	0x3A00      	XORLW      0
0x02B3	0x1D03      	BTFSS      STATUS, 2
0x02B4	0x2ABE      	GOTO       L_Div_32x32_FP10
;__Lib_MathDouble.c,780 :: 		
0x02B5	0x30FF      	MOVLW      255
0x02B6	0x00F0      	MOVWF      R0
;__Lib_MathDouble.c,781 :: 		
0x02B7	0x30FF      	MOVLW      255
0x02B8	0x00F1      	MOVWF      R1
;__Lib_MathDouble.c,782 :: 		
0x02B9	0x307F      	MOVLW      127
0x02BA	0x00F2      	MOVWF      R2
;__Lib_MathDouble.c,783 :: 		
0x02BB	0x30FF      	MOVLW      255
0x02BC	0x00F3      	MOVWF      R3
;__Lib_MathDouble.c,784 :: 		
0x02BD	0x0008      	RETURN
;__Lib_MathDouble.c,785 :: 		
L_Div_32x32_FP10:
L_Div_32x32_FP9:
L_Div_32x32_FP8:
L_Div_32x32_FP7:
;__Lib_MathDouble.c,788 :: 		
0x02BE	0x1283      	BCF        STATUS, 5
;__Lib_MathDouble.c,789 :: 		
0x02BF	0x1303      	BCF        STATUS, 6
;__Lib_MathDouble.c,791 :: 		
0x02C0	0x0877      	MOVF       R7, 0
;__Lib_MathDouble.c,792 :: 		
0x02C1	0x1903      	BTFSC      STATUS, 2
;__Lib_MathDouble.c,793 :: 		
0x02C2	0x2B4D      	GOTO       JPDSETFDZ32
;__Lib_MathDouble.c,795 :: 		
0x02C3	0x0873      	MOVF       R3, 0
;__Lib_MathDouble.c,796 :: 		
0x02C4	0x1903      	BTFSC      STATUS, 2
;__Lib_MathDouble.c,797 :: 		
0x02C5	0x2B50      	GOTO       JPDRES032
;__Lib_MathDouble.c,799 :: 		
0x02C6	0x0872      	MOVF       R2, 0
;__Lib_MathDouble.c,800 :: 		
0x02C7	0x0676      	XORWF      R6, 0
;__Lib_MathDouble.c,801 :: 		
0x02C8	0x3980      	ANDLW      128
;__Lib_MathDouble.c,802 :: 		
0x02C9	0x00FA      	MOVWF      R10
;__Lib_MathDouble.c,803 :: 		
0x02CA	0x17F2      	BSF        R2, 7
;__Lib_MathDouble.c,804 :: 		
0x02CB	0x17F6      	BSF        R6, 7
;__Lib_MathDouble.c,806 :: 		
0x02CC	0x01A0      	CLRF       __math_tempbD
;__Lib_MathDouble.c,807 :: 		
0x02CD	0x0872      	MOVF       R2, 0
;__Lib_MathDouble.c,808 :: 		
0x02CE	0x00F8      	MOVWF      R8
;__Lib_MathDouble.c,809 :: 		
0x02CF	0x0871      	MOVF       R1, 0
;__Lib_MathDouble.c,810 :: 		
0x02D0	0x00FC      	MOVWF      R12
;__Lib_MathDouble.c,811 :: 		
0x02D1	0x0870      	MOVF       R0, 0
;__Lib_MathDouble.c,812 :: 		
0x02D2	0x00FD      	MOVWF      R13
;__Lib_MathDouble.c,814 :: 		
0x02D3	0x0874      	MOVF       R4, 0
;__Lib_MathDouble.c,815 :: 		
0x02D4	0x02FD      	SUBWF      R13, 1
;__Lib_MathDouble.c,816 :: 		
0x02D5	0x0875      	MOVF       R5, 0
;__Lib_MathDouble.c,817 :: 		
0x02D6	0x1C03      	BTFSS      STATUS, 0
;__Lib_MathDouble.c,818 :: 		
0x02D7	0x0F75      	INCFSZ     R5, 0
;__Lib_MathDouble.c,820 :: 		
0x02D8	0x02FC      	SUBWF      R12, 1
;__Lib_MathDouble.c,821 :: 		
0x02D9	0x0876      	MOVF       R6, 0
;__Lib_MathDouble.c,822 :: 		
0x02DA	0x1C03      	BTFSS      STATUS, 0
;__Lib_MathDouble.c,823 :: 		
0x02DB	0x0F76      	INCFSZ     R6, 0
;__Lib_MathDouble.c,825 :: 		
0x02DC	0x02F8      	SUBWF      R8, 1
;__Lib_MathDouble.c,826 :: 		
0x02DD	0x01F8      	CLRF       R8
;__Lib_MathDouble.c,827 :: 		
0x02DE	0x01FC      	CLRF       R12
;__Lib_MathDouble.c,828 :: 		
0x02DF	0x01FD      	CLRF       R13
;__Lib_MathDouble.c,829 :: 		
0x02E0	0x1C03      	BTFSS      STATUS, 0
;__Lib_MathDouble.c,830 :: 		
0x02E1	0x2AE9      	GOTO       DALIGN32OK
;__Lib_MathDouble.c,832 :: 		
0x02E2	0x1003      	BCF        STATUS, 0
;__Lib_MathDouble.c,833 :: 		
0x02E3	0x0CF2      	RRF        R2, 1
;__Lib_MathDouble.c,834 :: 		
0x02E4	0x0CF1      	RRF        R1, 1
;__Lib_MathDouble.c,835 :: 		
0x02E5	0x0CF0      	RRF        R0, 1
;__Lib_MathDouble.c,836 :: 		
0x02E6	0x0CF8      	RRF        R8, 1
;__Lib_MathDouble.c,837 :: 		
0x02E7	0x3001      	MOVLW      1
;__Lib_MathDouble.c,838 :: 		
0x02E8	0x00A0      	MOVWF      __math_tempbD
;__Lib_MathDouble.c,839 :: 		
DALIGN32OK:
;__Lib_MathDouble.c,840 :: 		
0x02E9	0x0877      	MOVF       R7, 0
;__Lib_MathDouble.c,841 :: 		
0x02EA	0x02F3      	SUBWF      R3, 1
;__Lib_MathDouble.c,842 :: 		
0x02EB	0x1C03      	BTFSS      STATUS, 0
;__Lib_MathDouble.c,843 :: 		
0x02EC	0x2AF3      	GOTO       ALTB32
;__Lib_MathDouble.c,845 :: 		
0x02ED	0x307E      	MOVLW      126
;__Lib_MathDouble.c,846 :: 		
0x02EE	0x0720      	ADDWF      __math_tempbD, 0
;__Lib_MathDouble.c,847 :: 		
0x02EF	0x07F3      	ADDWF      R3, 1
;__Lib_MathDouble.c,848 :: 		
0x02F0	0x1803      	BTFSC      STATUS, 0
;__Lib_MathDouble.c,849 :: 		
0x02F1	0x2B53      	GOTO       JPDSETFOV32
;__Lib_MathDouble.c,850 :: 		
0x02F2	0x2AF8      	GOTO       DARGOK32
;__Lib_MathDouble.c,851 :: 		
ALTB32:
;__Lib_MathDouble.c,852 :: 		
0x02F3	0x307E      	MOVLW      126
;__Lib_MathDouble.c,853 :: 		
0x02F4	0x0720      	ADDWF      __math_tempbD, 0
;__Lib_MathDouble.c,854 :: 		
0x02F5	0x07F3      	ADDWF      R3, 1
;__Lib_MathDouble.c,855 :: 		
0x02F6	0x1C03      	BTFSS      STATUS, 0
;__Lib_MathDouble.c,856 :: 		
0x02F7	0x2B56      	GOTO       JPDSETFUN32
;__Lib_MathDouble.c,857 :: 		
DARGOK32:
;__Lib_MathDouble.c,858 :: 		
0x02F8	0x3018      	MOVLW      24
;__Lib_MathDouble.c,860 :: 		
0x02F9	0x07FA      	ADDWF      R10, 1
;__Lib_MathDouble.c,861 :: 		
DLOOP32:
;__Lib_MathDouble.c,862 :: 		
0x02FA	0x0DFD      	RLF        R13, 1
;__Lib_MathDouble.c,863 :: 		
0x02FB	0x0DFC      	RLF        R12, 1
;__Lib_MathDouble.c,864 :: 		
0x02FC	0x0DF8      	RLF        R8, 1
;__Lib_MathDouble.c,865 :: 		
0x02FD	0x0DF0      	RLF        R0, 1
;__Lib_MathDouble.c,866 :: 		
0x02FE	0x0DF1      	RLF        R1, 1
;__Lib_MathDouble.c,867 :: 		
0x02FF	0x0DF2      	RLF        R2, 1
;__Lib_MathDouble.c,868 :: 		
0x0300	0x0DA0      	RLF        __math_tempbD, 1
;__Lib_MathDouble.c,870 :: 		
0x0301	0x0874      	MOVF       R4, 0
;__Lib_MathDouble.c,871 :: 		
0x0302	0x02F0      	SUBWF      R0, 1
;__Lib_MathDouble.c,872 :: 		
0x0303	0x0875      	MOVF       R5, 0
;__Lib_MathDouble.c,873 :: 		
0x0304	0x1C03      	BTFSS      STATUS, 0
;__Lib_MathDouble.c,874 :: 		
0x0305	0x0F75      	INCFSZ     R5, 0
;__Lib_MathDouble.c,876 :: 		
0x0306	0x02F1      	SUBWF      R1, 1
;__Lib_MathDouble.c,877 :: 		
0x0307	0x0876      	MOVF       R6, 0
;__Lib_MathDouble.c,878 :: 		
0x0308	0x1C03      	BTFSS      STATUS, 0
;__Lib_MathDouble.c,879 :: 		
0x0309	0x0F76      	INCFSZ     R6, 0
;__Lib_MathDouble.c,881 :: 		
0x030A	0x02F2      	SUBWF      R2, 1
;__Lib_MathDouble.c,882 :: 		
0x030B	0x0D76      	RLF        R6, 0
;__Lib_MathDouble.c,883 :: 		
0x030C	0x04A0      	IORWF      __math_tempbD, 1
;__Lib_MathDouble.c,884 :: 		
0x030D	0x1C20      	BTFSS      __math_tempbD, 0
;__Lib_MathDouble.c,885 :: 		
0x030E	0x2B11      	GOTO       DREST32
;__Lib_MathDouble.c,886 :: 		
0x030F	0x147D      	BSF        R13, 0
;__Lib_MathDouble.c,887 :: 		
0x0310	0x2B1C      	GOTO       DOK32
;__Lib_MathDouble.c,888 :: 		
DREST32:
;__Lib_MathDouble.c,889 :: 		
0x0311	0x0874      	MOVF       R4, 0
;__Lib_MathDouble.c,890 :: 		
0x0312	0x07F0      	ADDWF      R0, 1
;__Lib_MathDouble.c,891 :: 		
0x0313	0x0875      	MOVF       R5, 0
;__Lib_MathDouble.c,892 :: 		
0x0314	0x1803      	BTFSC      STATUS, 0
;__Lib_MathDouble.c,893 :: 		
0x0315	0x0F75      	INCFSZ     R5, 0
;__Lib_MathDouble.c,895 :: 		
0x0316	0x07F1      	ADDWF      R1, 1
;__Lib_MathDouble.c,896 :: 		
0x0317	0x0876      	MOVF       R6, 0
;__Lib_MathDouble.c,897 :: 		
0x0318	0x1803      	BTFSC      STATUS, 0
;__Lib_MathDouble.c,898 :: 		
0x0319	0x0A76      	INCF       R6, 0
;__Lib_MathDouble.c,899 :: 		
0x031A	0x07F2      	ADDWF      R2, 1
;__Lib_MathDouble.c,900 :: 		
0x031B	0x107D      	BCF        R13, 0
;__Lib_MathDouble.c,901 :: 		
DOK32:
;__Lib_MathDouble.c,903 :: 		
0x031C	0x03FA      	DECF       R10, 1
;__Lib_MathDouble.c,904 :: 		
0x031D	0x301F      	MOVLW      31
;__Lib_MathDouble.c,905 :: 		
0x031E	0x057A      	ANDWF      R10, 0
;__Lib_MathDouble.c,906 :: 		
0x031F	0x1D03      	BTFSS      STATUS, 2
;__Lib_MathDouble.c,907 :: 		
0x0320	0x2AFA      	GOTO       DLOOP32
;__Lib_MathDouble.c,909 :: 		
0x0321	0x1B7B      	BTFSC      R11, 6
;__Lib_MathDouble.c,910 :: 		
0x0322	0x1C7D      	BTFSS      R13, 0
;__Lib_MathDouble.c,911 :: 		
0x0323	0x2B43      	GOTO       DIV32OK
;__Lib_MathDouble.c,912 :: 		
0x0324	0x1003      	BCF        STATUS, 0
;__Lib_MathDouble.c,913 :: 		
0x0325	0x0DF0      	RLF        R0, 1
;__Lib_MathDouble.c,914 :: 		
0x0326	0x0DF1      	RLF        R1, 1
;__Lib_MathDouble.c,915 :: 		
0x0327	0x0DF2      	RLF        R2, 1
;__Lib_MathDouble.c,916 :: 		
0x0328	0x0DA0      	RLF        __math_tempbD, 1
;__Lib_MathDouble.c,918 :: 		
0x0329	0x0874      	MOVF       R4, 0
;__Lib_MathDouble.c,919 :: 		
0x032A	0x02F0      	SUBWF      R0, 1
;__Lib_MathDouble.c,920 :: 		
0x032B	0x0875      	MOVF       R5, 0
;__Lib_MathDouble.c,921 :: 		
0x032C	0x1C03      	BTFSS      STATUS, 0
;__Lib_MathDouble.c,922 :: 		
0x032D	0x0F75      	INCFSZ     R5, 0
;__Lib_MathDouble.c,923 :: 		
0x032E	0x02F1      	SUBWF      R1, 1
;__Lib_MathDouble.c,924 :: 		
0x032F	0x0876      	MOVF       R6, 0
;__Lib_MathDouble.c,925 :: 		
0x0330	0x1C03      	BTFSS      STATUS, 0
;__Lib_MathDouble.c,926 :: 		
0x0331	0x0F76      	INCFSZ     R6, 0
;__Lib_MathDouble.c,927 :: 		
0x0332	0x02F2      	SUBWF      R2, 1
;__Lib_MathDouble.c,928 :: 		
0x0333	0x0D76      	RLF        R6, 0
;__Lib_MathDouble.c,929 :: 		
0x0334	0x0420      	IORWF      __math_tempbD, 0
;__Lib_MathDouble.c,930 :: 		
0x0335	0x3901      	ANDLW      1
;__Lib_MathDouble.c,931 :: 		
0x0336	0x07FD      	ADDWF      R13, 1
;__Lib_MathDouble.c,932 :: 		
0x0337	0x1803      	BTFSC      STATUS, 0
;__Lib_MathDouble.c,933 :: 		
0x0338	0x0AFC      	INCF       R12, 1
;__Lib_MathDouble.c,934 :: 		
0x0339	0x1903      	BTFSC      STATUS, 2
;__Lib_MathDouble.c,935 :: 		
0x033A	0x0AF8      	INCF       R8, 1
;__Lib_MathDouble.c,936 :: 		
0x033B	0x1D03      	BTFSS      STATUS, 2
;__Lib_MathDouble.c,937 :: 		
0x033C	0x2B43      	GOTO       DIV32OK
;__Lib_MathDouble.c,938 :: 		
0x033D	0x0CF8      	RRF        R8, 1
;__Lib_MathDouble.c,939 :: 		
0x033E	0x0CFC      	RRF        R12, 1
;__Lib_MathDouble.c,940 :: 		
0x033F	0x0CFD      	RRF        R13, 1
;__Lib_MathDouble.c,941 :: 		
0x0340	0x0AF3      	INCF       R3, 1
;__Lib_MathDouble.c,942 :: 		
0x0341	0x1903      	BTFSC      STATUS, 2
;__Lib_MathDouble.c,943 :: 		
0x0342	0x2B53      	GOTO       JPDSETFOV32
;__Lib_MathDouble.c,944 :: 		
DIV32OK:
;__Lib_MathDouble.c,945 :: 		
0x0343	0x1FFA      	BTFSS      R10, 7
;__Lib_MathDouble.c,946 :: 		
0x0344	0x13F8      	BCF        R8, 7
;__Lib_MathDouble.c,947 :: 		
0x0345	0x0878      	MOVF       R8, 0
;__Lib_MathDouble.c,948 :: 		
0x0346	0x00F2      	MOVWF      R2
;__Lib_MathDouble.c,949 :: 		
0x0347	0x087C      	MOVF       R12, 0
;__Lib_MathDouble.c,950 :: 		
0x0348	0x00F1      	MOVWF      R1
;__Lib_MathDouble.c,951 :: 		
0x0349	0x087D      	MOVF       R13, 0
;__Lib_MathDouble.c,952 :: 		
0x034A	0x00F0      	MOVWF      R0
;__Lib_MathDouble.c,954 :: 		
0x034B	0x3000      	MOVLW      0
;__Lib_MathDouble.c,956 :: 		
0x034C	0x2B58      	GOTO       DIV32EEE
;__Lib_MathDouble.c,957 :: 		
JPDSETFDZ32:
;__Lib_MathDouble.c,958 :: 		
0x034D	0x3001      	MOVLW      1
;__Lib_MathDouble.c,961 :: 		
0x034E	0x2039      	CALL       _SETFDZ32
;__Lib_MathDouble.c,963 :: 		
0x034F	0x2B58      	GOTO       DIV32EEE
;__Lib_MathDouble.c,964 :: 		
JPDRES032:
;__Lib_MathDouble.c,965 :: 		
0x0350	0x3002      	MOVLW      2
;__Lib_MathDouble.c,968 :: 		
0x0351	0x2003      	CALL       _RES032
;__Lib_MathDouble.c,970 :: 		
0x0352	0x2B58      	GOTO       DIV32EEE
;__Lib_MathDouble.c,971 :: 		
JPDSETFOV32:
;__Lib_MathDouble.c,972 :: 		
0x0353	0x3004      	MOVLW      4
;__Lib_MathDouble.c,975 :: 		
0x0354	0x201A      	CALL       _SETFOV32
;__Lib_MathDouble.c,977 :: 		
0x0355	0x2B58      	GOTO       DIV32EEE
;__Lib_MathDouble.c,978 :: 		
JPDSETFUN32:
;__Lib_MathDouble.c,979 :: 		
0x0356	0x3008      	MOVLW      8
;__Lib_MathDouble.c,982 :: 		
0x0357	0x200A      	CALL       _SETFUN32
;__Lib_MathDouble.c,984 :: 		
DIV32EEE:
;__Lib_MathDouble.c,985 :: 		
0x0358	0x0000      	NOP
;__Lib_MathDouble.c,994 :: 		
0x0359	0x0008      	RETURN
; end of _Div_32x32_FP
_PWM2_Start:
;__Lib_PWM_c21.c,19 :: 		
;__Lib_PWM_c21.c,20 :: 		
0x035A	0x1683      	BSF        STATUS, 5
0x035B	0x1303      	BCF        STATUS, 6
0x035C	0x1087      	BCF        TRISC1_bit, 1
;__Lib_PWM_c21.c,21 :: 		
0x035D	0x1283      	BCF        STATUS, 5
0x035E	0x1512      	BSF        T2CON, 2
;__Lib_PWM_c21.c,22 :: 		
0x035F	0x300C      	MOVLW      12
0x0360	0x049D      	IORWF      CCP2CON, 1
;__Lib_PWM_c21.c,23 :: 		
0x0361	0x0008      	RETURN
; end of _PWM2_Start
_main:
;PWM.c,14 :: 		void main() {
;PWM.c,15 :: 		InitMain();
0x0362	0x2242      	CALL       _InitMain
;PWM.c,16 :: 		current_duty  = 200;                 // initial value for current_duty
0x0363	0x30C8      	MOVLW      200
0x0364	0x00A7      	MOVWF      _current_duty
;PWM.c,17 :: 		current_duty1 = 200;                 // initial value for current_duty1
0x0365	0x30C8      	MOVLW      200
0x0366	0x00A8      	MOVWF      _current_duty1
;PWM.c,18 :: 		TRISA  = 0xFF;              // PORTA is input
0x0367	0x30FF      	MOVLW      255
0x0368	0x1683      	BSF        STATUS, 5
0x0369	0x0085      	MOVWF      TRISA
;PWM.c,19 :: 		TRISB = 0xFF;                             // Set PORTB as input
0x036A	0x30FF      	MOVLW      255
0x036B	0x0086      	MOVWF      TRISB
;PWM.c,21 :: 		PWM1_Start();                       // start PWM1
0x036C	0x229B      	CALL       _PWM1_Start
;PWM.c,22 :: 		PWM2_Start();                       // start PWM2
0x036D	0x235A      	CALL       _PWM2_Start
;PWM.c,23 :: 		PWM1_Set_Duty(0);        // Set current duty for PWM1
0x036E	0x01AA      	CLRF       FARG_PWM1_Set_Duty_new_duty
0x036F	0x225F      	CALL       _PWM1_Set_Duty
;PWM.c,24 :: 		PWM2_Set_Duty(0);       // Set current duty for PWM2
0x0370	0x01AA      	CLRF       FARG_PWM2_Set_Duty_new_duty
0x0371	0x2143      	CALL       _PWM2_Set_Duty
;PWM.c,25 :: 		adcon1 = 0b1000010;
0x0372	0x3042      	MOVLW      66
0x0373	0x1683      	BSF        STATUS, 5
0x0374	0x009F      	MOVWF      ADCON1
;PWM.c,26 :: 		while (1) {                         // endless loop
L_main0:
;PWM.c,28 :: 		temp_res = ADC_Read(0);
0x0375	0x1283      	BCF        STATUS, 5
0x0376	0x01AA      	CLRF       FARG_ADC_Read_channel
0x0377	0x2193      	CALL       _ADC_Read
0x0378	0x0870      	MOVF       R0, 0
0x0379	0x1283      	BCF        STATUS, 5
0x037A	0x00A3      	MOVWF      _temp_res
0x037B	0x0871      	MOVF       R0+1, 0
0x037C	0x00A4      	MOVWF      _temp_res+1
0x037D	0x01A5      	CLRF       _temp_res+2
0x037E	0x01A6      	CLRF       _temp_res+3
;PWM.c,29 :: 		temp_res=temp_res*255.0/1024.0;
0x037F	0x0823      	MOVF       _temp_res, 0
0x0380	0x00F0      	MOVWF      R0
0x0381	0x0824      	MOVF       _temp_res+1, 0
0x0382	0x00F1      	MOVWF      R0+1
0x0383	0x0825      	MOVF       _temp_res+2, 0
0x0384	0x00F2      	MOVWF      R0+2
0x0385	0x0826      	MOVF       _temp_res+3, 0
0x0386	0x00F3      	MOVWF      R0+3
0x0387	0x217F      	CALL       _Longword2Double
0x0388	0x3000      	MOVLW      0
0x0389	0x00F4      	MOVWF      R4
0x038A	0x3000      	MOVLW      0
0x038B	0x00F5      	MOVWF      R4+1
0x038C	0x307F      	MOVLW      127
0x038D	0x00F6      	MOVWF      R4+2
0x038E	0x3086      	MOVLW      134
0x038F	0x00F7      	MOVWF      R4+3
0x0390	0x20D6      	CALL       _Mul_32x32_FP
0x0391	0x3000      	MOVLW      0
0x0392	0x00F4      	MOVWF      R4
0x0393	0x3000      	MOVLW      0
0x0394	0x00F5      	MOVWF      R4+1
0x0395	0x3000      	MOVLW      0
0x0396	0x00F6      	MOVWF      R4+2
0x0397	0x3089      	MOVLW      137
0x0398	0x00F7      	MOVWF      R4+3
0x0399	0x22A3      	CALL       _Div_32x32_FP
0x039A	0x21B7      	CALL       _Double2Longword
0x039B	0x0870      	MOVF       R0, 0
0x039C	0x00A3      	MOVWF      _temp_res
0x039D	0x0871      	MOVF       R0+1, 0
0x039E	0x00A4      	MOVWF      _temp_res+1
0x039F	0x0872      	MOVF       R0+2, 0
0x03A0	0x00A5      	MOVWF      _temp_res+2
0x03A1	0x0873      	MOVF       R0+3, 0
0x03A2	0x00A6      	MOVWF      _temp_res+3
;PWM.c,30 :: 		newduty=temp_res;
0x03A3	0x0870      	MOVF       R0, 0
0x03A4	0x00A9      	MOVWF      _newduty
;PWM.c,31 :: 		if(RB0_bit==1 && RB1_bit==0){
0x03A5	0x1C06      	BTFSS      RB0_bit, 0
0x03A6	0x2BAF      	GOTO       L_main4
0x03A7	0x1886      	BTFSC      RB1_bit, 1
0x03A8	0x2BAF      	GOTO       L_main4
L__main12:
;PWM.c,32 :: 		PWM1_Set_Duty(newduty);
0x03A9	0x0829      	MOVF       _newduty, 0
0x03AA	0x00AA      	MOVWF      FARG_PWM1_Set_Duty_new_duty
0x03AB	0x225F      	CALL       _PWM1_Set_Duty
;PWM.c,33 :: 		PWM2_Set_Duty(0);
0x03AC	0x01AA      	CLRF       FARG_PWM2_Set_Duty_new_duty
0x03AD	0x2143      	CALL       _PWM2_Set_Duty
;PWM.c,34 :: 		}else if(RB0_bit==0 && RB1_bit==1){
0x03AE	0x2BBD      	GOTO       L_main5
L_main4:
0x03AF	0x1806      	BTFSC      RB0_bit, 0
0x03B0	0x2BB9      	GOTO       L_main8
0x03B1	0x1C86      	BTFSS      RB1_bit, 1
0x03B2	0x2BB9      	GOTO       L_main8
L__main11:
;PWM.c,35 :: 		PWM1_Set_Duty(0);
0x03B3	0x01AA      	CLRF       FARG_PWM1_Set_Duty_new_duty
0x03B4	0x225F      	CALL       _PWM1_Set_Duty
;PWM.c,36 :: 		PWM2_Set_Duty(newduty);
0x03B5	0x0829      	MOVF       _newduty, 0
0x03B6	0x00AA      	MOVWF      FARG_PWM2_Set_Duty_new_duty
0x03B7	0x2143      	CALL       _PWM2_Set_Duty
;PWM.c,37 :: 		}
0x03B8	0x2BBD      	GOTO       L_main9
L_main8:
;PWM.c,39 :: 		PWM1_Set_Duty(0);
0x03B9	0x01AA      	CLRF       FARG_PWM1_Set_Duty_new_duty
0x03BA	0x225F      	CALL       _PWM1_Set_Duty
;PWM.c,40 :: 		PWM2_Set_Duty(0);
0x03BB	0x01AA      	CLRF       FARG_PWM2_Set_Duty_new_duty
0x03BC	0x2143      	CALL       _PWM2_Set_Duty
;PWM.c,41 :: 		}
L_main9:
L_main5:
;PWM.c,44 :: 		Delay_ms(5);                      // slow down change pace a little
0x03BD	0x3021      	MOVLW      33
0x03BE	0x00FC      	MOVWF      R12
0x03BF	0x3076      	MOVLW      118
0x03C0	0x00FD      	MOVWF      R13
L_main10:
0x03C1	0x0BFD      	DECFSZ     R13, 1
0x03C2	0x2BC1      	GOTO       L_main10
0x03C3	0x0BFC      	DECFSZ     R12, 1
0x03C4	0x2BC1      	GOTO       L_main10
0x03C5	0x0000      	NOP
;PWM.c,45 :: 		}
0x03C6	0x2B75      	GOTO       L_main0
;PWM.c,46 :: 		}
0x03C7	0x2BC7      	GOTO       $+0
; end of _main
Symbol List:
//** Routines locations **
//ADDRESS    SIZE    PROCEDURE
//----------------------------------------------
0x0003       [7]    _RES032
0x000A      [12]    _SETFUN32
0x0016       [4]    _FIXSIGN32
0x001A      [12]    _SETFOV32
0x0026       [6]    _PWM2_Init
0x002C      [13]    _SETIOV3224
0x0039       [3]    _SETFDZ32
0x003C       [6]    _PWM1_Init
0x0042       [7]    _____DoICP
0x0049      [90]    _NRM4032
0x00A3       [8]    _Delay_22us
0x00AB      [43]    _Mul_16x16_U
0x00D6      [97]    _Mul_32x32_FP
0x0137      [12]    ___CC2DW
0x0143      [60]    _PWM2_Set_Duty
0x017F      [20]    _Longword2Double
0x0193      [36]    _ADC_Read
0x01B7     [139]    _Double2Longword
0x0242      [29]    _InitMain
0x025F      [60]    _PWM1_Set_Duty
0x029B       [8]    _PWM1_Start
0x02A3     [183]    _Div_32x32_FP
0x035A       [8]    _PWM2_Start
0x0362     [102]    _main
//** Variables locations ** 
//ADDRESS    SIZE    VARIABLE
//----------------------------------------------
0x0000       [1]    INDF
0x0001       [1]    TMR0
0x0002       [1]    PCL
0x0003       [0]    RP1_bit
0x0003       [0]    Z_bit
0x0003       [1]    STATUS
0x0003       [0]    RP0_bit
0x0003       [0]    IRP_bit
0x0003       [0]    NOT_TO_bit
0x0003       [0]    NOT_PD_bit
0x0003       [0]    C_bit
0x0003       [0]    DC_bit
0x0004       [1]    FSR
0x0004       [1]    FSRPTR
0x0005       [1]    PORTA
0x0005       [0]    RA3_bit
0x0005       [0]    RA4_bit
0x0005       [0]    RA5_bit
0x0005       [0]    RA0_bit
0x0005       [0]    RA1_bit
0x0005       [0]    RA2_bit
0x0006       [0]    RB6_bit
0x0006       [0]    RB0_bit
0x0006       [0]    RB7_bit
0x0006       [0]    RB1_bit
0x0006       [0]    RB4_bit
0x0006       [0]    RB2_bit
0x0006       [0]    RB3_bit
0x0006       [0]    RB5_bit
0x0006       [1]    PORTB
0x0007       [1]    PORTC
0x0007       [0]    RC4_bit
0x0007       [0]    RC3_bit
0x0007       [0]    RC5_bit
0x0007       [0]    RC7_bit
0x0007       [0]    RC6_bit
0x0007       [0]    RC0_bit
0x0007       [0]    RC1_bit
0x0007       [0]    RC2_bit
0x0008       [0]    RD2_bit
0x0008       [0]    RD3_bit
0x0008       [0]    RD0_bit
0x0008       [0]    RD1_bit
0x0008       [0]    RD4_bit
0x0008       [1]    PORTD
0x0008       [0]    RD7_bit
0x0008       [0]    RD5_bit
0x0008       [0]    RD6_bit
0x0009       [0]    RE2_bit
0x0009       [0]    RE1_bit
0x0009       [0]    RE0_bit
0x0009       [1]    PORTE
0x000A       [1]    PCLATH
0x000B       [0]    INTF_bit
0x000B       [0]    INTE_bit
0x000B       [0]    TMR0IF_bit
0x000B       [0]    T0IE_bit
0x000B       [0]    PEIE_bit
0x000B       [0]    TMR0IE_bit
0x000B       [0]    T0IF_bit
0x000B       [0]    GIE_bit
0x000B       [0]    RBIE_bit
0x000B       [1]    INTCON
0x000B       [0]    RBIF_bit
0x000C       [1]    PIR1
0x000C       [0]    ADIF_bit
0x000C       [0]    CCP1IF_bit
0x000C       [0]    PSPIF_bit
0x000C       [0]    SSPIF_bit
0x000C       [0]    TMR2IF_bit
0x000C       [0]    RCIF_bit
0x000C       [0]    TXIF_bit
0x000C       [0]    TMR1IF_bit
0x000D       [0]    BCLIF_bit
0x000D       [0]    CCP2IF_bit
0x000D       [0]    CMIF_bit
0x000D       [0]    EEIF_bit
0x000D       [1]    PIR2
0x000E       [1]    TMR1L
0x000F       [1]    TMR1H
0x0010       [0]    NOT_T1SYNC_bit
0x0010       [0]    TMR1ON_bit
0x0010       [0]    T1INSYNC_bit
0x0010       [0]    T1CKPS1_bit
0x0010       [0]    T1CKPS0_bit
0x0010       [0]    TMR1CS_bit
0x0010       [0]    T1SYNC_bit
0x0010       [0]    T1OSCEN_bit
0x0010       [1]    T1CON
0x0011       [1]    TMR2
0x0012       [0]    T2CKPS1_bit
0x0012       [0]    TMR2ON_bit
0x0012       [0]    TOUTPS1_bit
0x0012       [0]    T2CKPS0_bit
0x0012       [0]    TOUTPS0_bit
0x0012       [1]    T2CON
0x0012       [0]    TOUTPS3_bit
0x0012       [0]    TOUTPS2_bit
0x0013       [1]    SSPBUF
0x0014       [0]    SSPEN_bit
0x0014       [0]    WCOL_bit
0x0014       [0]    SSPOV_bit
0x0014       [0]    SSPM0_bit
0x0014       [0]    SSPM3_bit
0x0014       [0]    SSPM2_bit
0x0014       [1]    SSPCON
0x0014       [0]    SSPM1_bit
0x0014       [0]    CKP_bit
0x0015       [1]    CCPR1L
0x0015       [2]    CCPR1
0x0016       [1]    CCPR1H
0x0017       [1]    CCP1CON
0x0017       [0]    CCP1M2_bit
0x0017       [0]    CCP1M1_bit
0x0017       [0]    CCP1X_bit
0x0017       [0]    CCP1Y_bit
0x0017       [0]    CCP1M0_bit
0x0017       [0]    CCP1M3_bit
0x0018       [0]    NOT_RC8_bit
0x0018       [0]    CREN_bit
0x0018       [0]    SREN_bit
0x0018       [1]    RCSTA
0x0018       [0]    RC8_9_bit
0x0018       [0]    RC9_bit
0x0018       [0]    SPEN_bit
0x0018       [0]    RX9D_bit
0x0018       [0]    OERR_bit
0x0018       [0]    RX9_bit
0x0018       [0]    RCD8_bit
0x0018       [0]    ADDEN_bit
0x0018       [0]    FERR_bit
0x0019       [1]    TXREG
0x001A       [1]    RCREG
0x001B       [2]    CCPR2
0x001B       [1]    CCPR2L
0x001C       [1]    CCPR2H
0x001D       [0]    CCP2M3_bit
0x001D       [1]    CCP2CON
0x001D       [0]    CCP2M0_bit
0x001D       [0]    CCP2Y_bit
0x001D       [0]    CCP2X_bit
0x001D       [0]    CCP2M2_bit
0x001D       [0]    CCP2M1_bit
0x001E       [1]    ADRESH
0x001F       [0]    GO_bit
0x001F       [1]    ADCON0
0x001F       [0]    CHS1_bit
0x001F       [0]    NOT_DONE_bit
0x001F       [0]    ADCS1_bit
0x001F       [0]    GO_DONE_bit
0x001F       [0]    CHS2_bit
0x001F       [0]    CHS0_bit
0x001F       [0]    ADON_bit
0x001F       [0]    ADCS0_bit
0x0020       [1]    __math_tempbD
0x0021       [2]    ___DoICPAddr
0x0023       [4]    _temp_res
0x0027       [1]    _current_duty
0x0028       [1]    _current_duty1
0x0029       [1]    _newduty
0x002A       [1]    FARG_ADC_Read_channel
0x002A       [1]    FARG_PWM1_Set_Duty_new_duty
0x002A       [1]    FARG_PWM2_Set_Duty_new_duty
0x002B       [4]    FARG_PWM1_Init_PWM_Freq
0x002B       [4]    FARG_PWM2_Init_PWM_Freq
0x0070       [1]    R0
0x0071       [1]    R1
0x0072       [1]    R2
0x0073       [1]    R3
0x0074       [1]    R4
0x0075       [1]    R5
0x0076       [1]    R6
0x0077       [1]    R7
0x0078       [1]    R8
0x0079       [1]    R9
0x007A       [1]    R10
0x007B       [1]    R11
0x007C       [1]    R12
0x007D       [1]    R13
0x007E       [1]    R14
0x007F       [1]    R15
0x0081       [0]    PS0_bit
0x0081       [0]    INTEDG_bit
0x0081       [0]    PS1_bit
0x0081       [0]    PS2_bit
0x0081       [0]    T0CS_bit
0x0081       [0]    PSA_bit
0x0081       [1]    OPTION_REG
0x0081       [0]    T0SE_bit
0x0081       [0]    NOT_RBPU_bit
0x0085       [0]    TRISA4_bit
0x0085       [0]    TRISA3_bit
0x0085       [0]    TRISA2_bit
0x0085       [1]    TRISA
0x0085       [0]    TRISA0_bit
0x0085       [0]    TRISA1_bit
0x0085       [0]    TRISA5_bit
0x0086       [0]    TRISB2_bit
0x0086       [0]    TRISB0_bit
0x0086       [0]    TRISB1_bit
0x0086       [0]    TRISB7_bit
0x0086       [0]    TRISB6_bit
0x0086       [0]    TRISB3_bit
0x0086       [0]    TRISB4_bit
0x0086       [0]    TRISB5_bit
0x0086       [1]    TRISB
0x0087       [0]    TRISC7_bit
0x0087       [0]    TRISC4_bit
0x0087       [0]    TRISC1_bit
0x0087       [1]    TRISC
0x0087       [0]    TRISC3_bit
0x0087       [0]    TRISC2_bit
0x0087       [0]    TRISC0_bit
0x0087       [0]    TRISC6_bit
0x0087       [0]    TRISC5_bit
0x0088       [0]    TRISD5_bit
0x0088       [0]    TRISD7_bit
0x0088       [0]    TRISD6_bit
0x0088       [0]    TRISD1_bit
0x0088       [0]    TRISD0_bit
0x0088       [1]    TRISD
0x0088       [0]    TRISD4_bit
0x0088       [0]    TRISD3_bit
0x0088       [0]    TRISD2_bit
0x0089       [0]    TRISE1_bit
0x0089       [0]    TRISE2_bit
0x0089       [0]    IBOV_bit
0x0089       [0]    IBF_TRISE_bit
0x0089       [0]    IBF_bit
0x0089       [0]    IBOV_TRISE_bit
0x0089       [0]    OBF_bit
0x0089       [0]    OBF_TRISE_bit
0x0089       [1]    TRISE
0x0089       [0]    PSPMODE_bit
0x0089       [0]    PSPMODE_TRISE_bit
0x0089       [0]    TRISE0_bit
0x008C       [0]    SSPIE_bit
0x008C       [0]    PSPIE_bit
0x008C       [0]    ADIE_bit
0x008C       [1]    PIE1
0x008C       [0]    TXIE_bit
0x008C       [0]    RCIE_bit
0x008C       [0]    TMR2IE_bit
0x008C       [0]    CCP1IE_bit
0x008C       [0]    TMR1IE_bit
0x008D       [0]    BCLIE_bit
0x008D       [0]    CCP2IE_bit
0x008D       [1]    PIE2
0x008D       [0]    CMIE_bit
0x008D       [0]    EEIE_bit
0x008E       [0]    NOT_BOR_bit
0x008E       [0]    NOT_BO_bit
0x008E       [0]    NOT_POR_bit
0x008E       [1]    PCON
0x0091       [0]    ACKDT_bit
0x0091       [0]    SEN_bit
0x0091       [0]    RSEN_bit
0x0091       [0]    GCEN_bit
0x0091       [0]    ACKEN_bit
0x0091       [0]    RCEN_bit
0x0091       [1]    SSPCON2
0x0091       [0]    PEN_bit
0x0091       [0]    ACKSTAT_bit
0x0092       [1]    PR2
0x0093       [1]    SSPADD
0x0094       [0]    BF_bit
0x0094       [1]    SSPSTAT
0x0094       [0]    I2C_START__bit
0x0094       [0]    I2C_READ_bit
0x0094       [0]    NOT_A_bit
0x0094       [0]    I2C_STOP__bit
0x0094       [0]    I2C_DATA_bit
0x0094       [0]    D_A_bit
0x0094       [0]    CKE_bit
0x0094       [0]    DATA_ADDRESS_bit
0x0094       [0]    D_bit
0x0094       [0]    READ_WRITE_bit
0x0094       [0]    S_bit
0x0094       [0]    R_W_bit
0x0094       [0]    R_bit
0x0094       [0]    SMP_bit
0x0094       [0]    NOT_W_bit
0x0094       [0]    NOT_ADDRESS_bit
0x0094       [0]    P_bit
0x0094       [0]    NOT_WRITE_bit
0x0094       [0]    UA_bit
0x0098       [1]    TXSTA
0x0098       [0]    SYNC_bit
0x0098       [0]    CSRC_bit
0x0098       [0]    TXEN_bit
0x0098       [0]    BRGH_bit
0x0098       [0]    TX9_bit
0x0098       [0]    TXD8_bit
0x0098       [0]    TX9D_bit
0x0098       [0]    NOT_TX8_bit
0x0098       [0]    TX8_9_bit
0x0098       [0]    TRMT_bit
0x0099       [1]    SPBRG
0x009C       [0]    CM0_bit
0x009C       [0]    CIS_bit
0x009C       [1]    CMCON
0x009C       [0]    C1INV_bit
0x009C       [0]    C2INV_bit
0x009C       [0]    CM2_bit
0x009C       [0]    CM1_bit
0x009C       [0]    C2OUT_bit
0x009C       [0]    C1OUT_bit
0x009D       [0]    CVR2_bit
0x009D       [0]    CVR3_bit
0x009D       [0]    CVR0_bit
0x009D       [0]    CVR1_bit
0x009D       [0]    CVROE_bit
0x009D       [0]    CVRR_bit
0x009D       [1]    CVRCON
0x009D       [0]    CVREN_bit
0x009E       [1]    ADRESL
0x009F       [1]    ADCON1
0x009F       [0]    PCFG3_bit
0x009F       [0]    ADCS2_bit
0x009F       [0]    ADFM_bit
0x009F       [0]    PCFG1_bit
0x009F       [0]    PCFG0_bit
0x009F       [0]    PCFG2_bit
0x010C       [1]    EEDATA
0x010D       [1]    EEADR
0x010E       [1]    EEDATH
0x010F       [1]    EEADRH
0x018C       [1]    EECON1
0x018C       [0]    RD_bit
0x018C       [0]    WRERR_bit
0x018C       [0]    WREN_bit
0x018C       [0]    EEPGD_bit
0x018C       [0]    WR_bit
0x018D       [1]    EECON2
//** Label List: ** 
//----------------------------------------------
  L_main0
  L_main1
  L_main2
  L_main3
  L_main4
  L_main5
  L_main6
  L_main7
  L_main8
  L_main9
  L_main10
  L__main11
  L__main12
  _InitMain
  _main
  L_ADC_Get_Sample0
  L_ADC_Get_Sample1
  L_ADC_Read2
  L_ADC_Read3
  _ADC_Init
  _ADC_Get_Sample
  _ADC_Read
  L_Delay_10us0
  L_Delay_22us1
  L_Delay_50us2
  L_Delay_80us3
  L_Delay_500us4
  L_Delay_5500us5
  L_Delay_1ms6
  L_Delay_5ms7
  L_Delay_8ms8
  L_Delay_10ms9
  L_Delay_100ms10
  L_Delay_1sec11
  L_boot16_Delay_5ms12
  L_Delay_Cyc13
  L_Delay_Cyc14
  L_VDelay_ms15
  L_VDelay_ms16
  L_VDelay_ms17
  L_VDelay_Advanced_ms18
  L_VDelay_Advanced_ms19
  L_VDelay_Advanced_ms20
  _Get_Fosc_kHz
  _Delay_1us
  _Delay_10us
  _Delay_22us
  _Delay_50us
  _Delay_80us
  _Delay_500us
  _Delay_5500us
  _Delay_1ms
  _Delay_5ms
  _Delay_8ms
  _Delay_10ms
  _Delay_100ms
  _Delay_1sec
  _boot16_Delay_5ms
  _Delay_Cyc
  _VDelay_ms
  L__VDelay_ms21
  L__VDelay_ms22
  L__VDelay_ms23
  _VDelay_Advanced_ms
  L__VDelay_Advanced_ms24
  L__VDelay_Advanced_ms25
  L__VDelay_Advanced_ms26
  L_Div_16x16_S0
  L_Div_16x16_S1
  LOOPS3232A
  SADD22LA
  SOK22LA
  SADD22L8
  SOK22L8
  LOOPS3232B
  SADD22LB
  SOK22LB
  SADD22L16
  SOK22L16
  LOOPS3232C
  SADD22LC
  SOK22LC
  SADD22L24
  SOK22L24
  LOOPS3232D
  SADD22LD
  SOK22LD
  SOK22L
  L_Div_32x32_S6
  L_Div_32x32_S7
  L_Div_32x32_S8
  L_Div_32x32_S9
  FXD3232S
  END_ALL
  CA3232S
  C3232SX
  C3232SX1
  C3232S
  C3232S2
  C3232SX4
  C3232SOK
  C3232SX3
  C3232SX2
  avoid_comfrem
  LOOPU3232A
  UADD22LA
  UOK22LA
  UADD22L8
  UOK22L8
  LOOPU3232B
  UADD22LB
  UOK22LB
  UADD22L16
  UOK22L16
  LOOPU3232C
  UADD22LC
  UOK22LC
  UADD22L24
  UOK22L24
  LOOPU3232D
  UADD22LD
  UOK22LD
  UOK22L
  _NEXT
  _EXIT2
  _LOOP
  _EXIT1
  _IF_FIRST
  _IF_SECOND
  _INVERCE_FIRST
  _MULT
  _INBERSE_SECOND
  _EXIT
  _Mul_8x8_U
  _Mul_16x16_U
  _Div_8x8_U
  _Div_16x16_U
  _Mul_8x8_S
  _Mul_16x16_S
  _Div_16x16_S_L
  _Div_16x16_S
  _Div_8x8_S
  _SDIV3232L
  _COMFREM
  _Div_32x32_S
  _Div_32x32_U
  _Mul_32x32_U
  _Mul_32x32_S
  SETFOV32EEE
  SETFUN32EEE
  NORM3232
  JPNRES032
  JPNSETFUN32
  NORM3232A
  JMPNFIXSIGN32
  NORM32EEE
  NRMRND4032
  NRM4032
  JMPSETFOV32
  NORM4032
  JMPRES032
  JMPSETFUN32
  NORM4032A
  JMPFIXSIGN32
  NRM4032EEE
  USEA32
  JMPEEE
  ALIGNED32
  ALIGNB32
  ALOOPB32
  AOK32
  ACOMP32
  JMPNRMRND4032
  ADD_JMPSETFOV32
  JMPNRM4032
  JMPNRM32
  ADD32EEE
  FPM32
  JPMRES032
  M32BNE0
  MTUN32
  JPMSETFOV32
  MOK32
  JPMSETFUN32
  MLOOP32
  MNOADD32
  MADD32
  MROUND32
  MUL32OK
  MUL32EEE
  L_Div_32x32_FP7
  L_Div_32x32_FP8
  L_Div_32x32_FP9
  L_Div_32x32_FP10
  FPD32
  JPDSETFDZ32
  JPDRES032
  D32BNE0
  TALIGN32
  TS1ALIGN32
  TS2ALIGN32
  DALIGN32OK
  ALTB32
  AGEB32
  JPDSETFOV32
  DARGOK32
  JPDSETFUN32
  DLOOP32
  DS132
  DS232
  DREST32
  DOK32
  DAREST32
  DROUND32
  DIV32OK
  DIV32EEE
  SETIOV3224EEE
  INT3232U
  INT3232UEOK
  SETEXP32U
  SETIOV32U
  TSHIFT3232U
  SHIFT3232UOK
  SHIFT3232U
  INT3232UOK
  JPLSETIOV3224
  IRES032U
  INT3232UEER
  INT3232UEEE
  L_Double2Longword_0
  INT3232
  INT3232EOK
  SETIOV32
  TSHIFT3232
  SHIFT3232OK
  SHIFT3232
  INT3232OK
  JPISETIOV3224
  IRES032
  INT3232EER
  INT3232EEE
  L_Double2Longint_0
  INT3216
  IRES016
  SETIOV16
  TSHIFT3216
  SHIFT3216OK
  SHIFT3216
  INT3216OK
  JPJSETIOV3224
  INT3216EOK
  INT3216EER
  INT3216EEE
  L_Double2Int_0
  INT3216U
  IRES016U
  SETEXP16U
  SETIOV16U
  TSHIFT3216U
  SHIFT3216UOK
  SHIFT3216U
  INT3216UOK
  JPKSETIOV3224
  INT3216UEOK
  INT3216UEER
  INT3216UEEE
  L_Double2Word_0
  INT32U08
  IRES008
  SETEXP08
  SETIOV08
  TSHIFT3208
  SHIFT3208OK
  SHIFT3208
  INT3208OK
  D2B_JPKSETIOV3224
  INT3208EOK
  INT3208EER
  INT3208EEE
  L_Double2Byte_0
  FLO08U32
  FLO1632
  FLO1632EEE
  FLO16U32
  FLO3232
  FLO3232EEE
  FLO32U32
  EQU_FALSE
  COMPARE_EQU
  COMPARE_NOTZERO
  COMPARE_XNOTZERO
  COMPARE_YNOTZERO
  COMPARE_LT
  COMPARE_GT
  COMPARE_TESTALL
  COMPARE_C1
  GT_FALSE
  GT_TRUE
  COMPARE_C2
  COMPARE_C3
  _SETFOV32
  _SETFDZ32
  _FIXSIGN32
  _RES032
  _SETFUN32
  _NRM3232
  _NRM4032
  _Add_32x32_FP
  _Sub_32x32_FP
  _Mul_32x32_FP
  _Div_32x32_FP
  _SETIOV3224
  _Double2Longword
  _Double2Longint
  _Double2Int
  _Double2Word
  _Double2Byte
  _Byte2Double
  _Int2Double
  _Word2Double
  _Longint2Double
  _Longword2Double
  _Equals_Double
  _Compare_Double
  _PWM2_Init
  _PWM2_Set_Duty
  L__PWM2_Set_Duty0
  L__PWM2_Set_Duty1
  L__PWM2_Set_Duty2
  L__PWM2_Set_Duty3
  _PWM2_Start
  _PWM2_Stop
  _PWM1_Init
  _PWM1_Set_Duty
  L__PWM1_Set_Duty4
  L__PWM1_Set_Duty5
  L__PWM1_Set_Duty6
  L__PWM1_Set_Duty7
  _PWM1_Start
  _PWM1_Stop
  _CC2D_Loop1
  _____DoICP
  _____DoIFC
  ___CC2DW
  _Swap
