
ROM used:   194/2048 (9%)
            194/2048 (9%) including unused fragments

            0.3 Average locations per line
            3.6 Average locations per statement

RAM used:   16/224 (7%) at main() level
            20/224 (9%) worst case

Stack used: 4 worst case (1 in main + 3 for interrupts)
Stack size: 8

Lines Stmts  %   Files
----- ----- ---  -----
  109    54 100  Dimmer_1main.c
  508     0   0  C:\Program Files (x86)\PICC\Devices\16F628A.h
----- -----
  617    54 Total

Page ROM  %  RAM   Vol Diff  Functions:
---- --- --- ---   --- ----  ----------
0     21  11    1             @delay_ms1
0      6   3    0    16  1.0  ext_isr
0     19  10    0    55  1.4  MAIN
0     24  12    2   300  4.6  VariacionAnguloAplauso
0     10   5    0    69  1.6  Cargar_configuracion
0      8   4    0    67  1.2  Configurar_interrupciones
0     47  24    1   804  3.9  Disparar
0     12   6    0             @goto10530
 Inline         0             @cinit1

Program metrics:
    Functions               6
    Statements              54
    Comments                113
    Volume (V)              1800
    Difficulty (D)          14.1
    Effort to implement (E) 25293
    Time to implement (T)   23 minutes
    Est Delivered Bugs (B)  0
    Cyclomatic Complexity   11
    Maintainability (MI)    127

 Segment     Used  Free
-----------  ----  ----
00000-00003     4  0  
00004-0002E    43  0  
0002F-007FF   147  1854  



