
ROM used:   439/8192 (5%)
            439/8192 (5%) including unused fragments

            0.4 Average locations per line
            3.9 Average locations per statement

RAM used:   17/368 (5%) at main() level
            28/368 (8%) worst case

Stack used: 5 worst case (3 in main + 2 for interrupts)
Stack size: 8

Lines Stmts  %   Files
----- ----- ---  -----
  141    50  44  TecladoLCD.c
  661     0   0  C:\Program Files (x86)\PICC\Devices\16f877a.h
  180    63  56  LCD.C
----- -----
  982   113 Total

Page ROM  %  RAM   Vol Diff  Functions:
---- --- --- ---   --- ----  ----------
0     21   5    1             @delay_ms1
0      8   2    0             @const626
 Inline         3   463  4.3  lcd_read_byte
0     14   3    1   134  2.2  lcd_send_nibble
0     58  13    3   317  4.3  lcd_send_byte
 Inline         2   422  4.7  lcd_init
 Inline         4   186  5.5  lcd_gotoxy
 Inline         1   272  4.1  lcd_putc
0     21   5    0             @const659
0     20   5    0             @const662
0     60  14    0    16  1.0  RB_isr
0      6   1    0    21  0.9  TIMER0_isr
0     26   6    0    68  1.5  MAIN
0     56  13    0    12  0.8  Cargar_configuracion
0     17   4    0   121  2.2  Configurar_interrupciones
0      5   1    0             @const675
0      8   2    0             @const677
 Inline         1   629  7.2  VER_TECLA
0     65  15    0    61  2.3  Escribir_KEY
 Inline         0             @cinit1

Program metrics:
    Functions               13
    Statements              113
    Comments                193
    Volume (V)              4471
    Difficulty (D)          41.0
    Effort to implement (E) 183333
    Time to implement (T)   2 hours, 50 minutes
    Est Delivered Bugs (B)  1
    Cyclomatic Complexity   11
    Maintainability (MI)    90

 Segment     Used  Free
-----------  ----  ----
00000-00003     4  0  
00004-00035    50  0  
00036-007FF   385  1609  
00800-00FFF     0  2048  
01000-017FF     0  2048  
01800-01FFF     0  2048  



