
ROM used:   187/2048 (9%)
            187/2048 (9%) including unused fragments

            0.3 Average locations per line
            4.8 Average locations per statement

RAM used:   15/224 (7%) at main() level
            18/224 (8%) worst case

Stack used: 4 worst case (2 in main + 2 for interrupts)
Stack size: 8

Lines Stmts  %   Files
----- ----- ---  -----
  106    39 100  Enclavamiento.c
  508     0   0  C:\Program Files (x86)\PICC\Devices\16F628A.h
----- -----
  614    39 Total

Page ROM  %  RAM   Vol Diff  Functions:
---- --- --- ---   --- ----  ----------
0     21  11    1             @delay_ms1
0      4   2    0    12  0.8  ext_isr
0      4   2    0    12  0.8  RB_isr
0     17   9    0    68  1.5  MAIN
0     20  11    0   174  1.8  Configuracion
0      7   4    0    48  1.1  Configurar_interrupciones
0      6   3    1    78  2.3  Variar_led
0     57  30    2   472  3.3  Verificar_RB
 Inline         0             @cinit1

Program metrics:
    Functions               7
    Statements              39
    Comments                116
    Volume (V)              1289
    Difficulty (D)          12.6
    Effort to implement (E) 16298
    Time to implement (T)   15 minutes
    Est Delivered Bugs (B)  0
    Cyclomatic Complexity   5
    Maintainability (MI)    117

 Segment     Used  Free
-----------  ----  ----
00000-00003     4  0  
00004-00032    47  0  
00033-007FF   136  1861  



