
ROM used:   620/7936 (8%)
            620/7936 (8%) including unused fragments

            0.8 Average locations per line
            15.1 Average locations per statement

RAM used:   20/357 (6%) at main() level
            35/357 (10%) worst case

Stack used: 2 worst case (1 in main + 1 for interrupts)
Stack size: 7

Lines Stmts  %   Files
----- ----- ---  -----
   81    41 100  PWM2.c
  661     0   0  C:\Program Files (x86)\PICC\Devices\16F877A.h
----- -----
  742    41 Total

Page ROM  %  RAM   Vol Diff  Functions:
---- --- --- ---   --- ----  ----------
0     55   9    1   652  3.9  RTCC_isr
0    131  21    4   385  3.7  MAIN
0     31   5    2             @ITOF
0    119  19   13             @MULFF
0    204  33   14             @DIVFF
0     33   5    4             @SFTOI
 Inline         0             @cinit1

Program metrics:
    Functions               2
    Statements              41
    Comments                131
    Volume (V)              1233
    Difficulty (D)          7.2
    Effort to implement (E) 8918
    Time to implement (T)   8 minutes
    Est Delivered Bugs (B)  0
    Cyclomatic Complexity   8
    Maintainability (MI)    86

 Segment     Used  Free
-----------  ----  ----
00000-00003     4  0  
00004-0002E    43  0  
0002F-007FF   573  1428  
00800-00FFF     0  2048  
01000-017FF     0  2048  
01800-01EFF     0  1792  



