
ROM used:   1438/8192 (18%)
            1438/8192 (18%) including unused fragments

            1.5 Average locations per line
            11.5 Average locations per statement

RAM used:   18/368 (5%) at main() level
            45/368 (12%) worst case

Stack used: 5 worst case (5 in main + 0 for interrupts)
Stack size: 8

Lines Stmts  %   Files
----- ----- ---  -----
  110    62  50  Teclado_ADC.c
  661     0   0  C:\Program Files (x86)\PICC\Devices\16f877a.h
  180    63  50  LCD.C
----- -----
  951   125 Total

Page ROM  %  RAM   Vol Diff  Functions:
---- --- --- ---   --- ----  ----------
0     20   1    1             @delay_ms1
0      8   1    0             @const629
 Inline         3   463  4.3  lcd_read_byte
0     17   1    1   134  2.2  lcd_send_nibble
0     60   4    3   317  4.3  lcd_send_byte
0     44   3    2   422  4.7  lcd_init
 Inline         4   186  5.5  lcd_gotoxy
0     52   4    1   272  4.1  lcd_putc
0     21   1    0             @const659
0     20   1    0             @const662
0    112   8    0   341  4.5  MAIN
0     29   2    2   830  7.7  @ITOF
0     63   4   10   830  7.7  @FLT
0      1   0    0   830  7.7  @const679
0     75   5    4   830  7.7  @PSTRINGC7_650
0      8   1    0   395  4.6  @const681
0     77   5    1   830  7.7  teclado
0    298  21    3   395  4.6  lect_adc
 Inline         5     3  0.0  @MUL1616
 Inline         5     3  0.0  @DIV1616
0     21   1    3             @DIV88
0     87   6    6             @PRINTF_D_650
 Inline         9             @PRINTF_LU_650
0      1   0    0             @const697
 Inline        13             @MULFF
 Inline         5             @FTOSD
0     79   5   13             @DIV3232
0    341  24   13             @PRINTF_L32D_650FPFPF
 Inline         0             @cinit1

Program metrics:
    Functions               16
    Statements              125
    Comments                174
    Volume (V)              11668
    Difficulty (D)          77.0
    Effort to implement (E) 898653
    Time to implement (T)   13 hours, 52 minutes
    Est Delivered Bugs (B)  3
    Cyclomatic Complexity   29
    Maintainability (MI)    57

 Segment     Used  Free
-----------  ----  ----
00000-00003     4  0  
00004-007FF  1434  610  
00800-00FFF     0  2048  
01000-017FF     0  2048  
01800-01FFF     0  2048  



