CCS PCM C Compiler, Version 5.008, 5967               21-jun-14 20:50

               Filename:   D:\IGNACIO\Programacion\Microcontroladores\PicC\16f877a\TECLADO1_PR\TECLADO.lst

               ROM used:   17 words (0%)
                           Largest free fragment is 2048
               RAM used:   5 (1%) at main() level
                           5 (1%) worst case
               Stack used: 0 locations
               Stack size: 8

*
0000:  MOVLW  00
0001:  MOVWF  0A
0002:  GOTO   004
0003:  NOP
.................... #include <16f877a.h> 
.................... //////// Standard Header file for the PIC16F877A device //////////////// 
.................... #device PIC16F877A 
....................  
.................... #list 
....................  
.................... #FUSES HS,NOWDT,NOPROTECT,NOLVP  
.................... #USE delay(clock=20000000) 
.................... #BYTE PORTD = 0x08   //Asignando PORTD 
.................... #USE FAST_IO(B)   //Puerto B 
.................... #USE FAST_IO(D)   //Puerto D 
....................  
.................... #INCLUDE "LCD.C" 
.................... /////////////////////////////////////////////////////////////////////////// 
.................... ////                             LCDD.C                                //// 
.................... ////                 Driver for common LCD modules                     //// 
.................... ////                                                                   //// 
.................... ////  lcd_init()   Must be called before any other function.           //// 
.................... ////                                                                   //// 
.................... ////  lcd_putc(c)  Will display c on the next position of the LCD.     //// 
.................... ////                     The following have special meaning:           //// 
.................... ////                      \f  Clear display                            //// 
.................... ////                      \n  Go to start of second line               //// 
.................... ////                      \b  Move back one position                   //// 
.................... ////                                                                   //// 
.................... ////  lcd_gotoxy(x,y) Set write position on LCD (upper left is 1,1)    //// 
.................... ////                                                                   //// 
.................... ////  lcd_getc(x,y)   Returns character at position x,y on LCD         //// 
.................... ////                                                                   //// 
.................... /////////////////////////////////////////////////////////////////////////// 
.................... ////        (C) Copyright 1996,2007 Custom Computer Services           //// 
.................... //// This source code may only be used by licensed users of the CCS C  //// 
.................... //// compiler.  This source code may only be distributed to other      //// 
.................... //// licensed users of the CCS C compiler.  No other use, reproduction //// 
.................... //// or distribution is permitted without written permission.          //// 
.................... //// Derivative programs created using this software in object code    //// 
.................... //// form are not restricted in any way.                               //// 
.................... /////////////////////////////////////////////////////////////////////////// 
....................  
.................... // As defined in the following structure the pin connection is as follows: 
.................... //     D0  enable 
.................... //     D1  rs 
.................... //     D2  rw 
.................... //     D4  D4 
.................... //     D5  D5 
.................... //     D6  D6 
.................... //     D7  D7 
.................... // 
.................... //   LCD pins D0-D3 are not used and PIC D3 is not used. 
....................  
.................... // Un-comment the following define to use port B 
.................... // #define use_portb_lcd TRUE 
....................  
....................  
.................... struct lcd_pin_map {                 // This structure is overlayed 
....................            BOOLEAN enable;           // on to an I/O port to gain 
....................            BOOLEAN rs;               // access to the LCD pins. 
....................            BOOLEAN rw;               // The bits are allocated from 
....................            BOOLEAN unused;           // low order up.  ENABLE will 
....................            int     data : 4;         // be pin B0. 
....................         } lcd; 
....................  
....................  
.................... #if defined use_portb_lcd 
....................    //#locate lcd = getenv("sfr:PORTB")    // This puts the entire structure over the port 
....................    #ifdef __pch__ 
....................     #locate lcd = 0xf81 
....................    #else 
....................     #locate lcd = 6 
....................    #endif 
....................    #define set_tris_lcd(x) set_tris_b(x) 
.................... #else 
....................    //#locate lcd = getenv("sfr:PORTD")    // This puts the entire structure over the port 
....................    #ifdef __pch__ 
....................     #locate lcd = 0xf83 
....................    #else 
....................     #locate lcd = 8 
....................    #endif 
....................    #define set_tris_lcd(x) set_tris_d(x) 
.................... #endif 
....................  
.................... #ifndef lcd_type 
.................... #define lcd_type 2           // 0=5x7, 1=5x10, 2=2 lines 
.................... #endif 
....................  
.................... #define lcd_line_two 0x40    // LCD RAM address for the second line 
....................  
....................  
.................... BYTE const LCD_INIT_STRING[4] = {0x20 | (lcd_type << 2), 0xc, 1, 6}; 
....................                              // These bytes need to be sent to the LCD 
....................                              // to start it up. 
....................  
....................  
....................                              // The following are used for setting 
....................                              // the I/O port direction register. 
....................  
.................... struct lcd_pin_map const LCD_WRITE = {0,0,0,0,0}; // For write mode all pins are out 
.................... struct lcd_pin_map const LCD_READ = {0,0,0,0,15}; // For read mode data pins are in 
....................  
....................  
....................  
.................... BYTE lcd_read_byte() { 
....................       BYTE low,high; 
....................       set_tris_lcd(LCD_READ); 
....................       lcd.rw = 1; 
....................       delay_cycles(1); 
....................       lcd.enable = 1; 
....................       delay_cycles(1); 
....................       high = lcd.data; 
....................       lcd.enable = 0; 
....................       delay_cycles(1); 
....................       lcd.enable = 1; 
....................       delay_us(1); 
....................       low = lcd.data; 
....................       lcd.enable = 0; 
....................       set_tris_lcd(LCD_WRITE); 
....................       return( (high<<4) | low); 
.................... } 
....................  
....................  
.................... void lcd_send_nibble( BYTE n ) { 
....................       lcd.data = n; 
....................       delay_cycles(1); 
....................       lcd.enable = 1; 
....................       delay_us(2); 
....................       lcd.enable = 0; 
.................... } 
....................  
....................  
.................... void lcd_send_byte( BYTE address, BYTE n ) { 
....................  
....................       lcd.rs = 0; 
....................       while ( bit_test(lcd_read_byte(),7) ) ; 
....................       lcd.rs = address; 
....................       delay_cycles(1); 
....................       lcd.rw = 0; 
....................       delay_cycles(1); 
....................       lcd.enable = 0; 
....................       lcd_send_nibble(n >> 4); 
....................       lcd_send_nibble(n & 0xf); 
.................... } 
....................  
....................  
.................... void lcd_init() { 
....................     BYTE i; 
....................     set_tris_lcd(LCD_WRITE); 
....................     lcd.rs = 0; 
....................     lcd.rw = 0; 
....................     lcd.enable = 0; 
....................     delay_ms(15); 
....................     for(i=1;i<=3;++i) { 
....................        lcd_send_nibble(3); 
....................        delay_ms(5); 
....................     } 
....................     lcd_send_nibble(2); 
....................     for(i=0;i<=3;++i) 
....................        lcd_send_byte(0,LCD_INIT_STRING[i]); 
.................... } 
....................  
....................  
.................... void lcd_gotoxy( BYTE x, BYTE y) { 
....................    BYTE address; 
....................  
....................    if(y!=1) 
....................      address=lcd_line_two; 
....................    else 
....................      address=0; 
....................    address+=x-1; 
....................    lcd_send_byte(0,0x80|address); 
.................... } 
....................  
.................... void lcd_putc( char c) { 
....................    switch (c) { 
....................      case '\f'   : lcd_send_byte(0,1); 
....................                    delay_ms(2); 
....................                                            break; 
....................      case '\n'   : lcd_gotoxy(1,2);        break; 
....................      case '\b'   : lcd_send_byte(0,0x10);  break; 
....................      default     : lcd_send_byte(1,c);     break; 
....................    } 
.................... } 
....................  
.................... char lcd_getc( BYTE x, BYTE y) { 
....................    char value; 
....................  
....................     lcd_gotoxy(x,y); 
....................     while ( bit_test(lcd_read_byte(),7) ); // wait until busy flag is low 
....................     lcd.rs=1; 
....................     value = lcd_read_byte(); 
....................     lcd.rs=0; 
....................     return(value); 
.................... } 
....................  
.................... #INCLUDE "kbd2.c" 
.................... /*-------------------------------------------*\ 
.................... KBD2.C                                   | 
....................  
....................  |  Autor: Pedro Mª Jiménez                  | 
....................  
....................  |  (c) Microsystems Engineering (Bilbao)    | 
....................  
.................... \*-------------------------------------------*/ 
....................  
....................  
....................  
.................... // Funciones para la gestión del teclado de la Trainer PLUS. 
....................  
....................  
....................  
.................... // char kbd_getc( )   Devuelve el código ASCII de la tecla pulsada. 
....................  
.................... //         Si no se pulsó ninguna, devuelve 0. 
....................  
....................  
....................  
....................  
....................  
.................... // Conexiones del teclado. 
....................  
.................... /*  
....................  
....................             RB0 RB1 RB2 RB3 
....................  
....................              ^   ^   ^   ^ 
....................  
....................              |   |   |   | 
....................  
....................            |---|---|---|---| 
....................  
....................   RB4 ---> | 1 | 2 | 3 | F | 
....................  
....................            |---|---|---|---| 
....................  
....................   RB5 ---> | 4 | 5 | 6 | E | 
....................  
....................            |---|---|---|---| 
....................  
....................   RB6 ---> | 7 | 8 | 9 | D | 
....................  
....................            |---|---|---|---| 
....................  
....................   RB7 ---> | A | 0 | B | C | 
....................  
....................            |---|---|---|---| 
....................  
.................... */ 
....................  
....................  
....................  
.................... // Caracteres ASCII asociados a cada tecla: 
....................  
.................... char const KEYS[4][4] = {{'1','2','3','F'} , 
....................  
....................                          {'4','5','6','E'} , 
....................  
....................                          {'7','8','9','D'} , 
....................  
....................                          {'A','0','B','C'} }; 
....................  
....................  
....................  
.................... #byte kbd_port_b = 6 
....................  
....................  
....................  
....................  
....................  
.................... char kbd_getc( ) 
....................  
.................... { 
....................  
....................   char tecla=0; 
....................  
....................   int f,c,t,i,j; 
....................  
....................  
....................  
....................   port_b_pullups(true); 
....................  
....................   set_tris_b(0b00001111); // RB7-RB4 salidas, RB3-RB0 entradas 
....................  
....................  
....................  
....................   for(f=0x10, i=0; i<4; f<<=1, i++) 
....................  
....................   { 
....................  
....................     for(c=0x01, j=0; j<4; c<<=1, j++) 
....................  
....................     { 
....................  
....................       kbd_port_b = ~f; 
....................  
....................       delay_cycles(1); 
....................  
....................       t = kbd_port_b & 0x0F; 
....................  
....................       t = ~(t | 0xF0 ); 
....................  
....................       if(t == c) 
....................  
....................       { 
....................  
....................         delay_ms(20); 
....................  
....................         tecla=KEYS[i ][j ]; 
....................  
....................         while(t==c) 
....................  
....................         { 
....................  
....................           restart_wdt( ); 
....................  
....................           t = kbd_port_b & 0x0F; 
....................  
....................           t = ~(t | 0xF0) ; 
....................  
....................         } 
....................  
....................         break; 
....................  
....................       } 
....................  
....................     } 
....................  
....................     if(tecla) 
....................  
....................       break; 
....................  
....................   } 
....................  
....................  
....................  
....................   port_b_pullups(false); 
....................  
....................   return tecla; 
....................  
.................... } 
....................  
....................  
....................  
....................  
....................  
....................  
.................... void main() 
0004:  MOVF   03,W
0005:  ANDLW  1F
0006:  MOVWF  03
0007:  BSF    03.5
0008:  BSF    1F.0
0009:  BSF    1F.1
000A:  BSF    1F.2
000B:  BCF    1F.3
000C:  MOVLW  07
000D:  MOVWF  1C
000E:  BCF    03.7
.................... { 
....................  
....................    while(TRUE) 
....................    { 
000F:  GOTO   00F
....................       //TODO: User Code 
....................    } 
....................  
.................... } 
0010:  SLEEP

Configuration Fuses:
   Word  1: 3F72   HS NOWDT PUT BROWNOUT NOLVP NOCPD NOWRT NODEBUG NOPROTECT
