
ROM used:   27/2048 (1%)
            27/2048 (1%) including unused fragments

            0.1 Average locations per line
            2.7 Average locations per statement

RAM used:   6/224 (3%) at main() level
            6/224 (3%) worst case

Stack used: 0 worst case (0 in main + 0 for interrupts)
Stack size: 8

Lines Stmts  %   Files
----- ----- ---  -----
   24    10 100  parpadeo_ledmain.c
  508     0   0  C:\Program Files (x86)\PICC\Devices\16F628A.h
----- -----
  532    10 Total

Page ROM  %  RAM   Vol Diff  Functions:
---- --- --- ---   --- ----  ----------
0     23  85    1   163  3.1  main
 Inline         0             @cinit1

Program metrics:
    Functions               1
    Statements              10
    Comments                96
    Volume (V)              165
    Difficulty (D)          2.9
    Effort to implement (E) 476
    Time to implement (T)   0 minutes
    Est Delivered Bugs (B)  0
    Cyclomatic Complexity   1
    Maintainability (MI)    132

 Segment     Used  Free
-----------  ----  ----
00000-00003     4  0  
00004-007FF    23  2021  



