
ROM used:   101/2048 (5%)
            101/2048 (5%) including unused fragments

            0.2 Average locations per line
            3.9 Average locations per statement

RAM used:   13/224 (6%) at main() level
            14/224 (6%) worst case

Stack used: 3 worst case (1 in main + 2 for interrupts)
Stack size: 8

Lines Stmts  %   Files
----- ----- ---  -----
   81    26 100  FocoAplausoControl.c
  501     0   0  C:\Program Files (x86)\PICC\Devices\16F628.h
----- -----
  582    26 Total

Page ROM  %  RAM   Vol Diff  Functions:
---- --- --- ---   --- ----  ----------
0      4   4    0    16  1.0  EXT_isr
0     13  13    1   183  2.6  RB_isr
0     10  10    0    38  1.2  MAIN
0      9   9    0    48  1.1  Cargar_configuracion
0      8   8    0    67  1.2  Configurar_interrupciones
0      6   6    1    78  2.3  invertir_PORTA
 Inline         0             @cinit1

Program metrics:
    Functions               6
    Statements              26
    Comments                108
    Volume (V)              696
    Difficulty (D)          9.6
    Effort to implement (E) 6689
    Time to implement (T)   6 minutes
    Est Delivered Bugs (B)  0
    Cyclomatic Complexity   5
    Maintainability (MI)    137

 Segment     Used  Free
-----------  ----  ----
00000-00003     4  0  
00004-00032    47  0  
00033-007FF    50  1947  



