
ROM used:   205/8192 (3%)
            205/8192 (3%) including unused fragments

            0.3 Average locations per line
            3.8 Average locations per statement

RAM used:   15/368 (4%) at main() level
            19/368 (5%) worst case

Stack used: 4 worst case (1 in main + 3 for interrupts)
Stack size: 8

Lines Stmts  %   Files
----- ----- ---  -----
  108    54 100  Dimmer.c
  661     0   0  C:\Program Files (x86)\PICC\Devices\16f877a.h
----- -----
  769    54 Total

Page ROM  %  RAM   Vol Diff  Functions:
---- --- --- ---   --- ----  ----------
0     20  10    1             @delay_ms1
0      7   3    0    16  1.0  ext_isr
0     22  11    0    55  1.4  MAIN
0     26  13    2   300  4.6  VariacionAnguloAplauso
0     12   6    0    69  1.6  Cargar_configuracion
0     10   5    0    67  1.2  Configurar_interrupciones
0     49  24    1   804  3.9  Disparar
0     12   6    0   804  3.9  @goto10623
 Inline         0             @cinit1

Program metrics:
    Functions               7
    Statements              54
    Comments                131
    Volume (V)              2962
    Difficulty (D)          18.2
    Effort to implement (E) 54018
    Time to implement (T)   50 minutes
    Est Delivered Bugs (B)  0
    Cyclomatic Complexity   19
    Maintainability (MI)    126

 Segment     Used  Free
-----------  ----  ----
00000-00003     4  0  
00004-0002E    43  0  
0002F-007FF   158  1843  
00800-00FFF     0  2048  
01000-017FF     0  2048  
01800-01FFF     0  2048  



