
ROM used:   116/8192 (1%)
            116/8192 (1%) including unused fragments

            0.2 Average locations per line
            4.5 Average locations per statement

RAM used:   12/368 (3%) at main() level
            13/368 (4%) worst case

Stack used: 3 worst case (1 in main + 2 for interrupts)
Stack size: 8

Lines Stmts  %   Files
----- ----- ---  -----
   80    26 100  FocoAplausoControl.c
  661     0   0  C:\Program Files (x86)\PICC\Devices\16F877A.h
----- -----
  741    26 Total

Page ROM  %  RAM   Vol Diff  Functions:
---- --- --- ---   --- ----  ----------
0      5   4    0    16  1.0  EXT_isr
0     14  12    1   183  2.6  RB_isr
0     16  14    0    38  1.2  MAIN
0     11   9    0    48  1.1  Cargar_configuracion
0     10   9    0    67  1.2  Configurar_interrupciones
0      6   5    1    78  2.3  invertir_PORTD
 Inline         0             @cinit1

Program metrics:
    Functions               6
    Statements              26
    Comments                129
    Volume (V)              696
    Difficulty (D)          9.6
    Effort to implement (E) 6689
    Time to implement (T)   6 minutes
    Est Delivered Bugs (B)  0
    Cyclomatic Complexity   5
    Maintainability (MI)    162

 Segment     Used  Free
-----------  ----  ----
00000-00003     4  0  
00004-00035    50  0  
00036-007FF    62  1932  
00800-00FFF     0  2048  
01000-017FF     0  2048  
01800-01FFF     0  2048  



